2025-01-01T00:00:37.316+05:30  INFO 30464 --- [serviceRegistry] [ReplicaAwareInstanceRegistry - RenewalThresholdUpdater] c.n.e.r.PeerAwareInstanceRegistryImpl    : Current renewal threshold is : 10
2025-01-01T00:00:37.327+05:30  WARN 30464 --- [serviceRegistry] [Eureka-PeerNodesUpdater] c.n.eureka.cluster.PeerEurekaNodes       : The replica size seems to be empty. Check the route 53 DNS Registry
2025-01-01T00:00:37.956+05:30  INFO 30464 --- [serviceRegistry] [Eureka-EvictionTimer] c.n.e.registry.AbstractInstanceRegistry  : Running the evict task with compensationTime 0ms
2025-01-01T00:01:37.958+05:30  INFO 30464 --- [serviceRegistry] [Eureka-EvictionTimer] c.n.e.registry.AbstractInstanceRegistry  : Running the evict task with compensationTime 2ms
2025-01-01T00:02:37.958+05:30  INFO 30464 --- [serviceRegistry] [Eureka-EvictionTimer] c.n.e.registry.AbstractInstanceRegistry  : Running the evict task with compensationTime 0ms
2025-01-01T00:03:37.959+05:30  INFO 30464 --- [serviceRegistry] [Eureka-EvictionTimer] c.n.e.registry.AbstractInstanceRegistry  : Running the evict task with compensationTime 0ms
2025-01-01T00:04:37.962+05:30  INFO 30464 --- [serviceRegistry] [Eureka-EvictionTimer] c.n.e.registry.AbstractInstanceRegistry  : Running the evict task with compensationTime 3ms
2025-01-01T00:05:37.963+05:30  INFO 30464 --- [serviceRegistry] [Eureka-EvictionTimer] c.n.e.registry.AbstractInstanceRegistry  : Running the evict task with compensationTime 0ms
2025-01-01T00:06:37.964+05:30  INFO 30464 --- [serviceRegistry] [Eureka-EvictionTimer] c.n.e.registry.AbstractInstanceRegistry  : Running the evict task with compensationTime 0ms
2025-01-01T00:07:37.964+05:30  INFO 30464 --- [serviceRegistry] [Eureka-EvictionTimer] c.n.e.registry.AbstractInstanceRegistry  : Running the evict task with compensationTime 0ms
2025-01-01T00:08:37.965+05:30  INFO 30464 --- [serviceRegistry] [Eureka-EvictionTimer] c.n.e.registry.AbstractInstanceRegistry  : Running the evict task with compensationTime 0ms
2025-01-01T00:09:37.966+05:30  INFO 30464 --- [serviceRegistry] [Eureka-EvictionTimer] c.n.e.registry.AbstractInstanceRegistry  : Running the evict task with compensationTime 1ms
2025-01-01T00:10:37.431+05:30  WARN 30464 --- [serviceRegistry] [Eureka-PeerNodesUpdater] c.n.eureka.cluster.PeerEurekaNodes       : The replica size seems to be empty. Check the route 53 DNS Registry
2025-01-01T00:10:37.966+05:30  INFO 30464 --- [serviceRegistry] [Eureka-EvictionTimer] c.n.e.registry.AbstractInstanceRegistry  : Running the evict task with compensationTime 0ms
2025-01-01T00:11:37.967+05:30  INFO 30464 --- [serviceRegistry] [Eureka-EvictionTimer] c.n.e.registry.AbstractInstanceRegistry  : Running the evict task with compensationTime 0ms
2025-01-01T00:12:37.968+05:30  INFO 30464 --- [serviceRegistry] [Eureka-EvictionTimer] c.n.e.registry.AbstractInstanceRegistry  : Running the evict task with compensationTime 2ms
2025-01-01T00:13:37.969+05:30  INFO 30464 --- [serviceRegistry] [Eureka-EvictionTimer] c.n.e.registry.AbstractInstanceRegistry  : Running the evict task with compensationTime 0ms
2025-01-01T00:14:37.969+05:30  INFO 30464 --- [serviceRegistry] [Eureka-EvictionTimer] c.n.e.registry.AbstractInstanceRegistry  : Running the evict task with compensationTime 0ms
2025-01-01T00:15:37.311+05:30  INFO 30464 --- [serviceRegistry] [ReplicaAwareInstanceRegistry - RenewalThresholdUpdater] c.n.e.r.PeerAwareInstanceRegistryImpl    : Current renewal threshold is : 10
2025-01-01T00:15:37.969+05:30  INFO 30464 --- [serviceRegistry] [Eureka-EvictionTimer] c.n.e.registry.AbstractInstanceRegistry  : Running the evict task with compensationTime 0ms
2025-01-01T00:16:37.970+05:30  INFO 30464 --- [serviceRegistry] [Eureka-EvictionTimer] c.n.e.registry.AbstractInstanceRegistry  : Running the evict task with compensationTime 1ms
2025-01-01T00:17:37.971+05:30  INFO 30464 --- [serviceRegistry] [Eureka-EvictionTimer] c.n.e.registry.AbstractInstanceRegistry  : Running the evict task with compensationTime 0ms
2025-01-01T00:18:37.980+05:30  INFO 30464 --- [serviceRegistry] [Eureka-EvictionTimer] c.n.e.registry.AbstractInstanceRegistry  : Running the evict task with compensationTime 9ms
2025-01-01T00:19:37.980+05:30  INFO 30464 --- [serviceRegistry] [Eureka-EvictionTimer] c.n.e.registry.AbstractInstanceRegistry  : Running the evict task with compensationTime 0ms
2025-01-01T00:20:37.443+05:30  WARN 30464 --- [serviceRegistry] [Eureka-PeerNodesUpdater] c.n.eureka.cluster.PeerEurekaNodes       : The replica size seems to be empty. Check the route 53 DNS Registry
2025-01-01T00:20:37.981+05:30  INFO 30464 --- [serviceRegistry] [Eureka-EvictionTimer] c.n.e.registry.AbstractInstanceRegistry  : Running the evict task with compensationTime 0ms
2025-01-01T00:21:37.982+05:30  INFO 30464 --- [serviceRegistry] [Eureka-EvictionTimer] c.n.e.registry.AbstractInstanceRegistry  : Running the evict task with compensationTime 0ms
2025-01-01T00:22:37.981+05:30  INFO 30464 --- [serviceRegistry] [Eureka-EvictionTimer] c.n.e.registry.AbstractInstanceRegistry  : Running the evict task with compensationTime 0ms
2025-01-01T00:23:37.981+05:30  INFO 30464 --- [serviceRegistry] [Eureka-EvictionTimer] c.n.e.registry.AbstractInstanceRegistry  : Running the evict task with compensationTime 0ms
2025-01-01T00:24:37.982+05:30  INFO 30464 --- [serviceRegistry] [Eureka-EvictionTimer] c.n.e.registry.AbstractInstanceRegistry  : Running the evict task with compensationTime 0ms
2025-01-01T00:25:37.982+05:30  INFO 30464 --- [serviceRegistry] [Eureka-EvictionTimer] c.n.e.registry.AbstractInstanceRegistry  : Running the evict task with compensationTime 0ms
2025-01-01T00:26:37.983+05:30  INFO 30464 --- [serviceRegistry] [Eureka-EvictionTimer] c.n.e.registry.AbstractInstanceRegistry  : Running the evict task with compensationTime 0ms
2025-01-01T00:27:37.983+05:30  INFO 30464 --- [serviceRegistry] [Eureka-EvictionTimer] c.n.e.registry.AbstractInstanceRegistry  : Running the evict task with compensationTime 0ms
2025-01-01T00:28:37.983+05:30  INFO 30464 --- [serviceRegistry] [Eureka-EvictionTimer] c.n.e.registry.AbstractInstanceRegistry  : Running the evict task with compensationTime 0ms
2025-01-01T00:29:37.985+05:30  INFO 30464 --- [serviceRegistry] [Eureka-EvictionTimer] c.n.e.registry.AbstractInstanceRegistry  : Running the evict task with compensationTime 2ms
2025-01-01T00:30:37.312+05:30  INFO 30464 --- [serviceRegistry] [ReplicaAwareInstanceRegistry - RenewalThresholdUpdater] c.n.e.r.PeerAwareInstanceRegistryImpl    : Current renewal threshold is : 10
2025-01-01T00:30:37.448+05:30  WARN 30464 --- [serviceRegistry] [Eureka-PeerNodesUpdater] c.n.eureka.cluster.PeerEurekaNodes       : The replica size seems to be empty. Check the route 53 DNS Registry
2025-01-01T00:30:37.986+05:30  INFO 30464 --- [serviceRegistry] [Eureka-EvictionTimer] c.n.e.registry.AbstractInstanceRegistry  : Running the evict task with compensationTime 0ms
2025-01-01T00:31:37.987+05:30  INFO 30464 --- [serviceRegistry] [Eureka-EvictionTimer] c.n.e.registry.AbstractInstanceRegistry  : Running the evict task with compensationTime 1ms
2025-01-01T00:32:37.989+05:30  INFO 30464 --- [serviceRegistry] [Eureka-EvictionTimer] c.n.e.registry.AbstractInstanceRegistry  : Running the evict task with compensationTime 1ms
2025-01-01T00:33:37.988+05:30  INFO 30464 --- [serviceRegistry] [Eureka-EvictionTimer] c.n.e.registry.AbstractInstanceRegistry  : Running the evict task with compensationTime 0ms
2025-01-01T00:33:43.900+05:30  INFO 30464 --- [serviceRegistry] [http-nio-8761-exec-5] c.n.e.registry.AbstractInstanceRegistry  : Registered instance API-GATEWAY/Shreyansh:API-Gateway:8083 with status DOWN (replication=false)
2025-01-01T00:33:49.060+05:30  INFO 30464 --- [serviceRegistry] [http-nio-8761-exec-7] c.n.e.registry.AbstractInstanceRegistry  : Cancelled instance API-GATEWAY/Shreyansh:API-Gateway:8083 (replication=false)
2025-01-01T00:34:37.988+05:30  INFO 30464 --- [serviceRegistry] [Eureka-EvictionTimer] c.n.e.registry.AbstractInstanceRegistry  : Running the evict task with compensationTime 0ms
2025-01-01T00:35:37.989+05:30  INFO 30464 --- [serviceRegistry] [Eureka-EvictionTimer] c.n.e.registry.AbstractInstanceRegistry  : Running the evict task with compensationTime 0ms
2025-01-01T00:36:37.993+05:30  INFO 30464 --- [serviceRegistry] [Eureka-EvictionTimer] c.n.e.registry.AbstractInstanceRegistry  : Running the evict task with compensationTime 3ms
2025-01-01T00:37:38.006+05:30  INFO 30464 --- [serviceRegistry] [Eureka-EvictionTimer] c.n.e.registry.AbstractInstanceRegistry  : Running the evict task with compensationTime 13ms
2025-01-01T00:38:38.011+05:30  INFO 30464 --- [serviceRegistry] [Eureka-EvictionTimer] c.n.e.registry.AbstractInstanceRegistry  : Running the evict task with compensationTime 4ms
2025-01-01T00:39:38.011+05:30  INFO 30464 --- [serviceRegistry] [Eureka-EvictionTimer] c.n.e.registry.AbstractInstanceRegistry  : Running the evict task with compensationTime 0ms
2025-01-01T00:40:37.452+05:30  WARN 30464 --- [serviceRegistry] [Eureka-PeerNodesUpdater] c.n.eureka.cluster.PeerEurekaNodes       : The replica size seems to be empty. Check the route 53 DNS Registry
2025-01-01T00:40:38.012+05:30  INFO 30464 --- [serviceRegistry] [Eureka-EvictionTimer] c.n.e.registry.AbstractInstanceRegistry  : Running the evict task with compensationTime 0ms
2025-01-01T00:41:38.013+05:30  INFO 30464 --- [serviceRegistry] [Eureka-EvictionTimer] c.n.e.registry.AbstractInstanceRegistry  : Running the evict task with compensationTime 0ms
2025-01-01T00:41:44.027+05:30  INFO 30464 --- [serviceRegistry] [http-nio-8761-exec-3] c.n.e.registry.AbstractInstanceRegistry  : Registered instance API-GATEWAY/Shreyansh:API-Gateway:8083 with status UP (replication=false)
2025-01-01T00:44:44.592+05:30  INFO 16568 --- [serviceRegistry] [main] c.l.s.ServiceRegistryApplication         : Starting ServiceRegistryApplication using Java 22 with PID 16568 (D:\code\microService\serviceRegistry\target\classes started by Shreyansh in D:\code\microService\userservice)
2025-01-01T00:44:44.594+05:30  INFO 16568 --- [serviceRegistry] [main] c.l.s.ServiceRegistryApplication         : No active profile set, falling back to 1 default profile: "default"
2025-01-01T00:44:45.345+05:30  INFO 16568 --- [serviceRegistry] [main] o.s.cloud.context.scope.GenericScope     : BeanFactory id=ac00c69b-b78b-3001-8520-ea13c903b913
2025-01-01T00:44:45.551+05:30  INFO 16568 --- [serviceRegistry] [main] o.s.b.w.embedded.tomcat.TomcatWebServer  : Tomcat initialized with port 8761 (http)
2025-01-01T00:44:45.565+05:30  INFO 16568 --- [serviceRegistry] [main] o.apache.catalina.core.StandardService   : Starting service [Tomcat]
2025-01-01T00:44:45.565+05:30  INFO 16568 --- [serviceRegistry] [main] o.apache.catalina.core.StandardEngine    : Starting Servlet engine: [Apache Tomcat/10.1.34]
2025-01-01T00:44:45.618+05:30  INFO 16568 --- [serviceRegistry] [main] o.a.c.c.C.[Tomcat].[localhost].[/]       : Initializing Spring embedded WebApplicationContext
2025-01-01T00:44:45.619+05:30  INFO 16568 --- [serviceRegistry] [main] w.s.c.ServletWebServerApplicationContext : Root WebApplicationContext: initialization completed in 992 ms
2025-01-01T00:44:46.320+05:30  INFO 16568 --- [serviceRegistry] [main] c.n.d.provider.DiscoveryJerseyProvider   : Using JSON encoding codec LegacyJacksonJson
2025-01-01T00:44:46.321+05:30  INFO 16568 --- [serviceRegistry] [main] c.n.d.provider.DiscoveryJerseyProvider   : Using JSON decoding codec LegacyJacksonJson
2025-01-01T00:44:46.433+05:30  INFO 16568 --- [serviceRegistry] [main] c.n.d.provider.DiscoveryJerseyProvider   : Using XML encoding codec XStreamXml
2025-01-01T00:44:46.433+05:30  INFO 16568 --- [serviceRegistry] [main] c.n.d.provider.DiscoveryJerseyProvider   : Using XML decoding codec XStreamXml
2025-01-01T00:44:46.537+05:30  INFO 16568 --- [serviceRegistry] [main] o.s.v.b.OptionalValidatorFactoryBean     : Failed to set up a Bean Validation provider: jakarta.validation.NoProviderFoundException: Unable to create a Configuration, because no Jakarta Bean Validation provider could be found. Add a provider like Hibernate Validator (RI) to your classpath.
2025-01-01T00:44:47.064+05:30  WARN 16568 --- [serviceRegistry] [main] iguration$LoadBalancerCaffeineWarnLogger : Spring Cloud LoadBalancer is currently working with the default cache. While this cache implementation is useful for development and tests, it's recommended to use Caffeine cache in production.You can switch to using Caffeine cache, by adding it and org.springframework.cache.caffeine.CaffeineCacheManager to the classpath.
2025-01-01T00:44:47.076+05:30  INFO 16568 --- [serviceRegistry] [main] o.s.c.n.eureka.InstanceInfoFactory       : Setting initial instance status as: STARTING
2025-01-01T00:44:47.091+05:30  INFO 16568 --- [serviceRegistry] [main] com.netflix.discovery.DiscoveryClient    : Initializing Eureka in region us-east-1
2025-01-01T00:44:47.091+05:30  INFO 16568 --- [serviceRegistry] [main] com.netflix.discovery.DiscoveryClient    : Client configured to neither register nor query for data.
2025-01-01T00:44:47.093+05:30  INFO 16568 --- [serviceRegistry] [main] com.netflix.discovery.DiscoveryClient    : Discovery Client initialized at timestamp 1735672487092 with initial instances count: 0
2025-01-01T00:44:47.128+05:30  INFO 16568 --- [serviceRegistry] [main] c.n.eureka.DefaultEurekaServerContext    : Initializing ...
2025-01-01T00:44:47.129+05:30  WARN 16568 --- [serviceRegistry] [main] c.n.eureka.cluster.PeerEurekaNodes       : The replica size seems to be empty. Check the route 53 DNS Registry
2025-01-01T00:44:47.136+05:30  INFO 16568 --- [serviceRegistry] [main] c.n.e.registry.AbstractInstanceRegistry  : Finished initializing remote region registries. All known remote regions: []
2025-01-01T00:44:47.137+05:30  INFO 16568 --- [serviceRegistry] [main] c.n.eureka.DefaultEurekaServerContext    : Initialized
2025-01-01T00:44:47.144+05:30  INFO 16568 --- [serviceRegistry] [main] o.s.b.a.e.web.EndpointLinksResolver      : Exposing 1 endpoint beneath base path '/actuator'
2025-01-01T00:44:47.185+05:30  INFO 16568 --- [serviceRegistry] [main] o.s.c.n.e.s.EurekaServiceRegistry        : Registering application SERVICEREGISTRY with eureka with status UP
2025-01-01T00:44:47.193+05:30  INFO 16568 --- [serviceRegistry] [Thread-9] o.s.c.n.e.server.EurekaServerBootstrap   : isAws returned false
2025-01-01T00:44:47.193+05:30  INFO 16568 --- [serviceRegistry] [Thread-9] o.s.c.n.e.server.EurekaServerBootstrap   : Initialized server context
2025-01-01T00:44:47.193+05:30  INFO 16568 --- [serviceRegistry] [Thread-9] c.n.e.r.PeerAwareInstanceRegistryImpl    : Got 1 instances from neighboring DS node
2025-01-01T00:44:47.193+05:30  INFO 16568 --- [serviceRegistry] [Thread-9] c.n.e.r.PeerAwareInstanceRegistryImpl    : Renew threshold is: 1
2025-01-01T00:44:47.194+05:30  INFO 16568 --- [serviceRegistry] [Thread-9] c.n.e.r.PeerAwareInstanceRegistryImpl    : Changing status to UP
2025-01-01T00:44:47.195+05:30  INFO 16568 --- [serviceRegistry] [Thread-9] e.s.EurekaServerInitializerConfiguration : Started Eureka Server
2025-01-01T00:44:47.197+05:30  INFO 16568 --- [serviceRegistry] [main] o.s.b.w.embedded.tomcat.TomcatWebServer  : Tomcat started on port 8761 (http) with context path '/'
2025-01-01T00:44:47.198+05:30  INFO 16568 --- [serviceRegistry] [main] .s.c.n.e.s.EurekaAutoServiceRegistration : Updating port to 8761
2025-01-01T00:44:47.208+05:30  INFO 16568 --- [serviceRegistry] [main] c.l.s.ServiceRegistryApplication         : Started ServiceRegistryApplication in 2.983 seconds (process running for 6.938)
2025-01-01T00:45:34.019+05:30  INFO 16568 --- [serviceRegistry] [http-nio-8761-exec-1] o.a.c.c.C.[Tomcat].[localhost].[/]       : Initializing Spring DispatcherServlet 'dispatcherServlet'
2025-01-01T00:45:34.019+05:30  INFO 16568 --- [serviceRegistry] [http-nio-8761-exec-1] o.s.web.servlet.DispatcherServlet        : Initializing Servlet 'dispatcherServlet'
2025-01-01T00:45:34.020+05:30  INFO 16568 --- [serviceRegistry] [http-nio-8761-exec-1] o.s.web.servlet.DispatcherServlet        : Completed initialization in 1 ms
2025-01-01T00:45:34.210+05:30  INFO 16568 --- [serviceRegistry] [http-nio-8761-exec-2] c.n.e.registry.AbstractInstanceRegistry  : Registered instance RATING-SERVICE/Shreyansh:rating-service:8082 with status UP (replication=false)
2025-01-01T00:45:47.194+05:30  INFO 16568 --- [serviceRegistry] [Eureka-EvictionTimer] c.n.e.registry.AbstractInstanceRegistry  : Running the evict task with compensationTime 0ms
2025-01-01T00:46:47.202+05:30  INFO 16568 --- [serviceRegistry] [Eureka-EvictionTimer] c.n.e.registry.AbstractInstanceRegistry  : Running the evict task with compensationTime 7ms
2025-01-01T00:46:54.875+05:30  INFO 16568 --- [serviceRegistry] [http-nio-8761-exec-8] c.n.e.registry.AbstractInstanceRegistry  : Registered instance API-GATEWAY/Shreyansh:API-Gateway:8083 with status UP (replication=false)
2025-01-01T00:47:03.082+05:30  INFO 16568 --- [serviceRegistry] [http-nio-8761-exec-10] c.n.e.registry.AbstractInstanceRegistry  : Registered instance CONFIG-SERVER/Shreyansh:config-Server:8884 with status UP (replication=false)
2025-01-01T00:47:47.204+05:30  INFO 16568 --- [serviceRegistry] [Eureka-EvictionTimer] c.n.e.registry.AbstractInstanceRegistry  : Running the evict task with compensationTime 2ms
2025-01-01T00:48:47.204+05:30  INFO 16568 --- [serviceRegistry] [Eureka-EvictionTimer] c.n.e.registry.AbstractInstanceRegistry  : Running the evict task with compensationTime 0ms
2025-01-01T00:48:54.230+05:30  INFO 16568 --- [serviceRegistry] [SpringApplicationShutdownHook] o.s.c.n.e.s.EurekaServiceRegistry        : Unregistering application SERVICEREGISTRY with eureka with status DOWN
2025-01-01T00:48:54.232+05:30  INFO 16568 --- [serviceRegistry] [SpringApplicationShutdownHook] o.s.b.w.e.tomcat.GracefulShutdown        : Commencing graceful shutdown. Waiting for active requests to complete
2025-01-01T00:48:54.236+05:30  INFO 16568 --- [serviceRegistry] [tomcat-shutdown] o.s.b.w.e.tomcat.GracefulShutdown        : Graceful shutdown complete
2025-01-01T00:48:54.237+05:30  INFO 16568 --- [serviceRegistry] [SpringApplicationShutdownHook] o.s.c.n.e.server.EurekaServerBootstrap   : Shutting down Eureka Server..
2025-01-01T00:48:54.237+05:30  INFO 16568 --- [serviceRegistry] [SpringApplicationShutdownHook] c.n.eureka.DefaultEurekaServerContext    : Shutting down ...
2025-01-01T00:48:54.237+05:30  INFO 16568 --- [serviceRegistry] [SpringApplicationShutdownHook] c.n.eureka.DefaultEurekaServerContext    : Shut down
2025-01-01T00:48:54.238+05:30  INFO 16568 --- [serviceRegistry] [SpringApplicationShutdownHook] o.s.c.n.e.server.EurekaServerBootstrap   : Eureka Service is now shutdown...
2025-01-01T00:48:54.238+05:30  INFO 16568 --- [serviceRegistry] [SpringApplicationShutdownHook] c.n.eureka.DefaultEurekaServerContext    : Shutting down ...
2025-01-01T00:48:54.238+05:30  INFO 16568 --- [serviceRegistry] [SpringApplicationShutdownHook] c.n.eureka.DefaultEurekaServerContext    : Shut down
2025-01-01T00:48:54.242+05:30  INFO 16568 --- [serviceRegistry] [SpringApplicationShutdownHook] com.netflix.discovery.DiscoveryClient    : Shutting down DiscoveryClient ...
2025-01-01T00:48:54.242+05:30  INFO 16568 --- [serviceRegistry] [SpringApplicationShutdownHook] com.netflix.discovery.DiscoveryClient    : Completed shut down of DiscoveryClient
2025-01-01T00:52:36.403+05:30  INFO 15632 --- [serviceRegistry] [main] c.l.s.ServiceRegistryApplication         : Starting ServiceRegistryApplication using Java 22 with PID 15632 (D:\code\microService\serviceRegistry\target\classes started by Shreyansh in D:\code\microService\hotelservice)
2025-01-01T00:52:36.405+05:30  INFO 15632 --- [serviceRegistry] [main] c.l.s.ServiceRegistryApplication         : No active profile set, falling back to 1 default profile: "default"
2025-01-01T00:52:37.053+05:30  INFO 15632 --- [serviceRegistry] [main] o.s.cloud.context.scope.GenericScope     : BeanFactory id=ac00c69b-b78b-3001-8520-ea13c903b913
2025-01-01T00:52:37.229+05:30  INFO 15632 --- [serviceRegistry] [main] o.s.b.w.embedded.tomcat.TomcatWebServer  : Tomcat initialized with port 8761 (http)
2025-01-01T00:52:37.238+05:30  INFO 15632 --- [serviceRegistry] [main] o.apache.catalina.core.StandardService   : Starting service [Tomcat]
2025-01-01T00:52:37.238+05:30  INFO 15632 --- [serviceRegistry] [main] o.apache.catalina.core.StandardEngine    : Starting Servlet engine: [Apache Tomcat/10.1.34]
2025-01-01T00:52:37.288+05:30  INFO 15632 --- [serviceRegistry] [main] o.a.c.c.C.[Tomcat].[localhost].[/]       : Initializing Spring embedded WebApplicationContext
2025-01-01T00:52:37.289+05:30  INFO 15632 --- [serviceRegistry] [main] w.s.c.ServletWebServerApplicationContext : Root WebApplicationContext: initialization completed in 849 ms
2025-01-01T00:52:37.862+05:30  INFO 15632 --- [serviceRegistry] [main] c.n.d.provider.DiscoveryJerseyProvider   : Using JSON encoding codec LegacyJacksonJson
2025-01-01T00:52:37.864+05:30  INFO 15632 --- [serviceRegistry] [main] c.n.d.provider.DiscoveryJerseyProvider   : Using JSON decoding codec LegacyJacksonJson
2025-01-01T00:52:37.967+05:30  INFO 15632 --- [serviceRegistry] [main] c.n.d.provider.DiscoveryJerseyProvider   : Using XML encoding codec XStreamXml
2025-01-01T00:52:37.967+05:30  INFO 15632 --- [serviceRegistry] [main] c.n.d.provider.DiscoveryJerseyProvider   : Using XML decoding codec XStreamXml
2025-01-01T00:52:38.071+05:30  INFO 15632 --- [serviceRegistry] [main] o.s.v.b.OptionalValidatorFactoryBean     : Failed to set up a Bean Validation provider: jakarta.validation.NoProviderFoundException: Unable to create a Configuration, because no Jakarta Bean Validation provider could be found. Add a provider like Hibernate Validator (RI) to your classpath.
2025-01-01T00:52:38.534+05:30  WARN 15632 --- [serviceRegistry] [main] iguration$LoadBalancerCaffeineWarnLogger : Spring Cloud LoadBalancer is currently working with the default cache. While this cache implementation is useful for development and tests, it's recommended to use Caffeine cache in production.You can switch to using Caffeine cache, by adding it and org.springframework.cache.caffeine.CaffeineCacheManager to the classpath.
2025-01-01T00:52:38.546+05:30  INFO 15632 --- [serviceRegistry] [main] o.s.c.n.eureka.InstanceInfoFactory       : Setting initial instance status as: STARTING
2025-01-01T00:52:38.559+05:30  INFO 15632 --- [serviceRegistry] [main] com.netflix.discovery.DiscoveryClient    : Initializing Eureka in region us-east-1
2025-01-01T00:52:38.559+05:30  INFO 15632 --- [serviceRegistry] [main] com.netflix.discovery.DiscoveryClient    : Client configured to neither register nor query for data.
2025-01-01T00:52:38.561+05:30  INFO 15632 --- [serviceRegistry] [main] com.netflix.discovery.DiscoveryClient    : Discovery Client initialized at timestamp 1735672958560 with initial instances count: 0
2025-01-01T00:52:38.585+05:30  INFO 15632 --- [serviceRegistry] [main] c.n.eureka.DefaultEurekaServerContext    : Initializing ...
2025-01-01T00:52:38.586+05:30  WARN 15632 --- [serviceRegistry] [main] c.n.eureka.cluster.PeerEurekaNodes       : The replica size seems to be empty. Check the route 53 DNS Registry
2025-01-01T00:52:38.592+05:30  INFO 15632 --- [serviceRegistry] [main] c.n.e.registry.AbstractInstanceRegistry  : Finished initializing remote region registries. All known remote regions: []
2025-01-01T00:52:38.592+05:30  INFO 15632 --- [serviceRegistry] [main] c.n.eureka.DefaultEurekaServerContext    : Initialized
2025-01-01T00:52:38.599+05:30  INFO 15632 --- [serviceRegistry] [main] o.s.b.a.e.web.EndpointLinksResolver      : Exposing 1 endpoint beneath base path '/actuator'
2025-01-01T00:52:38.641+05:30  INFO 15632 --- [serviceRegistry] [main] o.s.c.n.e.s.EurekaServiceRegistry        : Registering application SERVICEREGISTRY with eureka with status UP
2025-01-01T00:52:38.648+05:30  INFO 15632 --- [serviceRegistry] [Thread-9] o.s.c.n.e.server.EurekaServerBootstrap   : isAws returned false
2025-01-01T00:52:38.649+05:30  INFO 15632 --- [serviceRegistry] [Thread-9] o.s.c.n.e.server.EurekaServerBootstrap   : Initialized server context
2025-01-01T00:52:38.649+05:30  INFO 15632 --- [serviceRegistry] [Thread-9] c.n.e.r.PeerAwareInstanceRegistryImpl    : Got 1 instances from neighboring DS node
2025-01-01T00:52:38.649+05:30  INFO 15632 --- [serviceRegistry] [Thread-9] c.n.e.r.PeerAwareInstanceRegistryImpl    : Renew threshold is: 1
2025-01-01T00:52:38.649+05:30  INFO 15632 --- [serviceRegistry] [Thread-9] c.n.e.r.PeerAwareInstanceRegistryImpl    : Changing status to UP
2025-01-01T00:52:38.650+05:30  INFO 15632 --- [serviceRegistry] [Thread-9] e.s.EurekaServerInitializerConfiguration : Started Eureka Server
2025-01-01T00:52:38.654+05:30  INFO 15632 --- [serviceRegistry] [main] o.s.b.w.embedded.tomcat.TomcatWebServer  : Tomcat started on port 8761 (http) with context path '/'
2025-01-01T00:52:38.655+05:30  INFO 15632 --- [serviceRegistry] [main] .s.c.n.e.s.EurekaAutoServiceRegistration : Updating port to 8761
2025-01-01T00:52:38.666+05:30  INFO 15632 --- [serviceRegistry] [main] c.l.s.ServiceRegistryApplication         : Started ServiceRegistryApplication in 2.63 seconds (process running for 3.307)
2025-01-01T00:52:39.258+05:30  INFO 15632 --- [serviceRegistry] [RMI TCP Connection(4)-192.168.1.17] o.a.c.c.C.[Tomcat].[localhost].[/]       : Initializing Spring DispatcherServlet 'dispatcherServlet'
2025-01-01T00:52:39.262+05:30  INFO 15632 --- [serviceRegistry] [RMI TCP Connection(4)-192.168.1.17] o.s.web.servlet.DispatcherServlet        : Initializing Servlet 'dispatcherServlet'
2025-01-01T00:52:39.265+05:30  INFO 15632 --- [serviceRegistry] [RMI TCP Connection(4)-192.168.1.17] o.s.web.servlet.DispatcherServlet        : Completed initialization in 2 ms
2025-01-01T00:53:04.401+05:30  INFO 15632 --- [serviceRegistry] [http-nio-8761-exec-2] c.n.e.registry.AbstractInstanceRegistry  : Registered instance RATING-SERVICE/Shreyansh:rating-service:8082 with status UP (replication=false)
2025-01-01T00:53:38.650+05:30  INFO 15632 --- [serviceRegistry] [Eureka-EvictionTimer] c.n.e.registry.AbstractInstanceRegistry  : Running the evict task with compensationTime 0ms
2025-01-01T00:54:27.472+05:30  INFO 15632 --- [serviceRegistry] [http-nio-8761-exec-8] c.n.e.registry.AbstractInstanceRegistry  : Registered instance HOTEL-SERVICE/Shreyansh:hotel-service:8081 with status UP (replication=false)
2025-01-01T00:54:38.650+05:30  INFO 15632 --- [serviceRegistry] [Eureka-EvictionTimer] c.n.e.registry.AbstractInstanceRegistry  : Running the evict task with compensationTime 0ms
2025-01-01T00:55:05.515+05:30  INFO 15632 --- [serviceRegistry] [http-nio-8761-exec-5] c.n.e.registry.AbstractInstanceRegistry  : Registered instance USER-SERVICE/Shreyansh:user-service:8080 with status UP (replication=false)
2025-01-01T00:55:21.372+05:30  INFO 15632 --- [serviceRegistry] [http-nio-8761-exec-8] c.n.e.registry.AbstractInstanceRegistry  : Registered instance API-GATEWAY/Shreyansh:API-Gateway:8083 with status UP (replication=false)
2025-01-01T00:55:38.651+05:30  INFO 15632 --- [serviceRegistry] [Eureka-EvictionTimer] c.n.e.registry.AbstractInstanceRegistry  : Running the evict task with compensationTime 0ms
2025-01-01T00:55:47.152+05:30  INFO 15632 --- [serviceRegistry] [http-nio-8761-exec-10] c.n.e.registry.AbstractInstanceRegistry  : Registered instance CONFIG-SERVER/Shreyansh:config-Server:8884 with status UP (replication=false)
2025-01-01T00:56:38.652+05:30  INFO 15632 --- [serviceRegistry] [Eureka-EvictionTimer] c.n.e.registry.AbstractInstanceRegistry  : Running the evict task with compensationTime 0ms
2025-01-01T00:57:38.659+05:30  INFO 15632 --- [serviceRegistry] [Eureka-EvictionTimer] c.n.e.registry.AbstractInstanceRegistry  : Running the evict task with compensationTime 7ms
2025-01-01T00:58:38.673+05:30  INFO 15632 --- [serviceRegistry] [Eureka-EvictionTimer] c.n.e.registry.AbstractInstanceRegistry  : Running the evict task with compensationTime 13ms
2025-01-01T00:59:38.675+05:30  INFO 15632 --- [serviceRegistry] [Eureka-EvictionTimer] c.n.e.registry.AbstractInstanceRegistry  : Running the evict task with compensationTime 2ms
2025-01-01T01:00:38.691+05:30  INFO 15632 --- [serviceRegistry] [Eureka-EvictionTimer] c.n.e.registry.AbstractInstanceRegistry  : Running the evict task with compensationTime 15ms
2025-01-01T01:01:38.692+05:30  INFO 15632 --- [serviceRegistry] [Eureka-EvictionTimer] c.n.e.registry.AbstractInstanceRegistry  : Running the evict task with compensationTime 1ms
2025-01-01T01:02:38.596+05:30  WARN 15632 --- [serviceRegistry] [Eureka-PeerNodesUpdater] c.n.eureka.cluster.PeerEurekaNodes       : The replica size seems to be empty. Check the route 53 DNS Registry
2025-01-01T01:02:38.706+05:30  INFO 15632 --- [serviceRegistry] [Eureka-EvictionTimer] c.n.e.registry.AbstractInstanceRegistry  : Running the evict task with compensationTime 13ms
2025-01-01T01:03:27.953+05:30  INFO 15632 --- [serviceRegistry] [http-nio-8761-exec-5] c.n.e.registry.AbstractInstanceRegistry  : Registered instance API-GATEWAY/Shreyansh:API-Gateway:8083 with status DOWN (replication=false)
2025-01-01T01:03:33.047+05:30  INFO 15632 --- [serviceRegistry] [http-nio-8761-exec-7] c.n.e.registry.AbstractInstanceRegistry  : Cancelled instance API-GATEWAY/Shreyansh:API-Gateway:8083 (replication=false)
2025-01-01T01:03:38.249+05:30  INFO 15632 --- [serviceRegistry] [http-nio-8761-exec-6] c.n.e.registry.AbstractInstanceRegistry  : Registered instance API-GATEWAY/Shreyansh:API-Gateway:8083 with status UP (replication=false)
2025-01-01T01:03:38.707+05:30  INFO 15632 --- [serviceRegistry] [Eureka-EvictionTimer] c.n.e.registry.AbstractInstanceRegistry  : Running the evict task with compensationTime 1ms
2025-01-01T01:04:38.708+05:30  INFO 15632 --- [serviceRegistry] [Eureka-EvictionTimer] c.n.e.registry.AbstractInstanceRegistry  : Running the evict task with compensationTime 0ms
2025-01-01T01:05:38.718+05:30  INFO 15632 --- [serviceRegistry] [Eureka-EvictionTimer] c.n.e.registry.AbstractInstanceRegistry  : Running the evict task with compensationTime 9ms
2025-01-01T01:05:48.220+05:30  INFO 15632 --- [serviceRegistry] [SpringApplicationShutdownHook] o.s.c.n.e.s.EurekaServiceRegistry        : Unregistering application SERVICEREGISTRY with eureka with status DOWN
2025-01-01T01:05:48.224+05:30  INFO 15632 --- [serviceRegistry] [SpringApplicationShutdownHook] o.s.b.w.e.tomcat.GracefulShutdown        : Commencing graceful shutdown. Waiting for active requests to complete
2025-01-01T01:05:48.231+05:30  INFO 15632 --- [serviceRegistry] [tomcat-shutdown] o.s.b.w.e.tomcat.GracefulShutdown        : Graceful shutdown complete
2025-01-01T01:05:48.236+05:30  INFO 15632 --- [serviceRegistry] [SpringApplicationShutdownHook] o.s.c.n.e.server.EurekaServerBootstrap   : Shutting down Eureka Server..
2025-01-01T01:05:48.236+05:30  INFO 15632 --- [serviceRegistry] [SpringApplicationShutdownHook] c.n.eureka.DefaultEurekaServerContext    : Shutting down ...
2025-01-01T01:05:48.237+05:30  INFO 15632 --- [serviceRegistry] [SpringApplicationShutdownHook] c.n.eureka.DefaultEurekaServerContext    : Shut down
2025-01-01T01:05:48.238+05:30  INFO 15632 --- [serviceRegistry] [SpringApplicationShutdownHook] o.s.c.n.e.server.EurekaServerBootstrap   : Eureka Service is now shutdown...
2025-01-01T01:05:48.240+05:30  INFO 15632 --- [serviceRegistry] [SpringApplicationShutdownHook] c.n.eureka.DefaultEurekaServerContext    : Shutting down ...
2025-01-01T01:05:48.241+05:30  INFO 15632 --- [serviceRegistry] [SpringApplicationShutdownHook] c.n.eureka.DefaultEurekaServerContext    : Shut down
2025-01-01T01:05:48.247+05:30  INFO 15632 --- [serviceRegistry] [SpringApplicationShutdownHook] com.netflix.discovery.DiscoveryClient    : Shutting down DiscoveryClient ...
2025-01-01T01:05:48.248+05:30  INFO 15632 --- [serviceRegistry] [SpringApplicationShutdownHook] com.netflix.discovery.DiscoveryClient    : Completed shut down of DiscoveryClient
2025-01-01T11:59:15.811+05:30  INFO 13032 --- [serviceRegistry] [main] c.l.s.ServiceRegistryApplication         : Starting ServiceRegistryApplication using Java 22 with PID 13032 (D:\code\microService\serviceRegistry\target\classes started by Shreyansh in D:\code\microService\hotelservice)
2025-01-01T11:59:15.815+05:30  INFO 13032 --- [serviceRegistry] [main] c.l.s.ServiceRegistryApplication         : No active profile set, falling back to 1 default profile: "default"
2025-01-01T11:59:18.100+05:30  INFO 13032 --- [serviceRegistry] [main] o.s.cloud.context.scope.GenericScope     : BeanFactory id=ac00c69b-b78b-3001-8520-ea13c903b913
2025-01-01T11:59:18.700+05:30  INFO 13032 --- [serviceRegistry] [main] o.s.b.w.embedded.tomcat.TomcatWebServer  : Tomcat initialized with port 8761 (http)
2025-01-01T11:59:18.735+05:30  INFO 13032 --- [serviceRegistry] [main] o.apache.catalina.core.StandardService   : Starting service [Tomcat]
2025-01-01T11:59:18.736+05:30  INFO 13032 --- [serviceRegistry] [main] o.apache.catalina.core.StandardEngine    : Starting Servlet engine: [Apache Tomcat/10.1.34]
2025-01-01T11:59:18.900+05:30  INFO 13032 --- [serviceRegistry] [main] o.a.c.c.C.[Tomcat].[localhost].[/]       : Initializing Spring embedded WebApplicationContext
2025-01-01T11:59:18.901+05:30  INFO 13032 --- [serviceRegistry] [main] w.s.c.ServletWebServerApplicationContext : Root WebApplicationContext: initialization completed in 2970 ms
2025-01-01T11:59:20.919+05:30  INFO 13032 --- [serviceRegistry] [main] c.n.d.provider.DiscoveryJerseyProvider   : Using JSON encoding codec LegacyJacksonJson
2025-01-01T11:59:20.923+05:30  INFO 13032 --- [serviceRegistry] [main] c.n.d.provider.DiscoveryJerseyProvider   : Using JSON decoding codec LegacyJacksonJson
2025-01-01T11:59:21.338+05:30  INFO 13032 --- [serviceRegistry] [main] c.n.d.provider.DiscoveryJerseyProvider   : Using XML encoding codec XStreamXml
2025-01-01T11:59:21.339+05:30  INFO 13032 --- [serviceRegistry] [main] c.n.d.provider.DiscoveryJerseyProvider   : Using XML decoding codec XStreamXml
2025-01-01T11:59:21.690+05:30  INFO 13032 --- [serviceRegistry] [main] o.s.v.b.OptionalValidatorFactoryBean     : Failed to set up a Bean Validation provider: jakarta.validation.NoProviderFoundException: Unable to create a Configuration, because no Jakarta Bean Validation provider could be found. Add a provider like Hibernate Validator (RI) to your classpath.
2025-01-01T11:59:23.416+05:30  WARN 13032 --- [serviceRegistry] [main] iguration$LoadBalancerCaffeineWarnLogger : Spring Cloud LoadBalancer is currently working with the default cache. While this cache implementation is useful for development and tests, it's recommended to use Caffeine cache in production.You can switch to using Caffeine cache, by adding it and org.springframework.cache.caffeine.CaffeineCacheManager to the classpath.
2025-01-01T11:59:23.455+05:30  INFO 13032 --- [serviceRegistry] [main] o.s.c.n.eureka.InstanceInfoFactory       : Setting initial instance status as: STARTING
2025-01-01T11:59:23.495+05:30  INFO 13032 --- [serviceRegistry] [main] com.netflix.discovery.DiscoveryClient    : Initializing Eureka in region us-east-1
2025-01-01T11:59:23.496+05:30  INFO 13032 --- [serviceRegistry] [main] com.netflix.discovery.DiscoveryClient    : Client configured to neither register nor query for data.
2025-01-01T11:59:23.500+05:30  INFO 13032 --- [serviceRegistry] [main] com.netflix.discovery.DiscoveryClient    : Discovery Client initialized at timestamp 1735712963498 with initial instances count: 0
2025-01-01T11:59:23.590+05:30  INFO 13032 --- [serviceRegistry] [main] c.n.eureka.DefaultEurekaServerContext    : Initializing ...
2025-01-01T11:59:23.593+05:30  WARN 13032 --- [serviceRegistry] [main] c.n.eureka.cluster.PeerEurekaNodes       : The replica size seems to be empty. Check the route 53 DNS Registry
2025-01-01T11:59:23.614+05:30  INFO 13032 --- [serviceRegistry] [main] c.n.e.registry.AbstractInstanceRegistry  : Finished initializing remote region registries. All known remote regions: []
2025-01-01T11:59:23.614+05:30  INFO 13032 --- [serviceRegistry] [main] c.n.eureka.DefaultEurekaServerContext    : Initialized
2025-01-01T11:59:23.639+05:30  INFO 13032 --- [serviceRegistry] [main] o.s.b.a.e.web.EndpointLinksResolver      : Exposing 1 endpoint beneath base path '/actuator'
2025-01-01T11:59:23.815+05:30  INFO 13032 --- [serviceRegistry] [main] o.s.c.n.e.s.EurekaServiceRegistry        : Registering application SERVICEREGISTRY with eureka with status UP
2025-01-01T11:59:23.841+05:30  INFO 13032 --- [serviceRegistry] [Thread-9] o.s.c.n.e.server.EurekaServerBootstrap   : isAws returned false
2025-01-01T11:59:23.842+05:30  INFO 13032 --- [serviceRegistry] [Thread-9] o.s.c.n.e.server.EurekaServerBootstrap   : Initialized server context
2025-01-01T11:59:23.843+05:30  INFO 13032 --- [serviceRegistry] [Thread-9] c.n.e.r.PeerAwareInstanceRegistryImpl    : Got 1 instances from neighboring DS node
2025-01-01T11:59:23.844+05:30  INFO 13032 --- [serviceRegistry] [Thread-9] c.n.e.r.PeerAwareInstanceRegistryImpl    : Renew threshold is: 1
2025-01-01T11:59:23.844+05:30  INFO 13032 --- [serviceRegistry] [Thread-9] c.n.e.r.PeerAwareInstanceRegistryImpl    : Changing status to UP
2025-01-01T11:59:23.849+05:30  INFO 13032 --- [serviceRegistry] [Thread-9] e.s.EurekaServerInitializerConfiguration : Started Eureka Server
2025-01-01T11:59:23.856+05:30  INFO 13032 --- [serviceRegistry] [main] o.s.b.w.embedded.tomcat.TomcatWebServer  : Tomcat started on port 8761 (http) with context path '/'
2025-01-01T11:59:23.858+05:30  INFO 13032 --- [serviceRegistry] [main] .s.c.n.e.s.EurekaAutoServiceRegistration : Updating port to 8761
2025-01-01T11:59:23.895+05:30  INFO 13032 --- [serviceRegistry] [main] c.l.s.ServiceRegistryApplication         : Started ServiceRegistryApplication in 8.947 seconds (process running for 10.599)
2025-01-01T11:59:24.239+05:30  INFO 13032 --- [serviceRegistry] [RMI TCP Connection(1)-192.168.1.17] o.a.c.c.C.[Tomcat].[localhost].[/]       : Initializing Spring DispatcherServlet 'dispatcherServlet'
2025-01-01T11:59:24.240+05:30  INFO 13032 --- [serviceRegistry] [RMI TCP Connection(1)-192.168.1.17] o.s.web.servlet.DispatcherServlet        : Initializing Servlet 'dispatcherServlet'
2025-01-01T11:59:24.244+05:30  INFO 13032 --- [serviceRegistry] [RMI TCP Connection(1)-192.168.1.17] o.s.web.servlet.DispatcherServlet        : Completed initialization in 3 ms
2025-01-01T11:59:28.636+05:30  INFO 13032 --- [serviceRegistry] [http-nio-8761-exec-2] c.n.e.registry.AbstractInstanceRegistry  : Registered instance API-GATEWAY/Shreyansh:API-Gateway:8083 with status UP (replication=false)
2025-01-01T11:59:33.947+05:30  INFO 13032 --- [serviceRegistry] [http-nio-8761-exec-5] c.n.e.registry.AbstractInstanceRegistry  : Registered instance HOTEL-SERVICE/Shreyansh:hotel-service:8081 with status UP (replication=false)
2025-01-01T11:59:33.959+05:30  INFO 13032 --- [serviceRegistry] [http-nio-8761-exec-6] c.n.e.registry.AbstractInstanceRegistry  : Registered instance RATING-SERVICE/Shreyansh:rating-service:8082 with status UP (replication=false)
2025-01-01T11:59:48.300+05:30  INFO 13032 --- [serviceRegistry] [http-nio-8761-exec-8] c.n.e.registry.AbstractInstanceRegistry  : Registered instance USER-SERVICE/Shreyansh:user-service:8080 with status UP (replication=false)
2025-01-01T12:00:05.281+05:30  INFO 13032 --- [serviceRegistry] [http-nio-8761-exec-6] c.n.e.registry.AbstractInstanceRegistry  : Registered instance CONFIG-SERVER/Shreyansh:config-Server:8884 with status UP (replication=false)
2025-01-01T12:00:23.848+05:30  INFO 13032 --- [serviceRegistry] [Eureka-EvictionTimer] c.n.e.registry.AbstractInstanceRegistry  : Running the evict task with compensationTime 0ms
2025-01-01T12:01:23.855+05:30  INFO 13032 --- [serviceRegistry] [Eureka-EvictionTimer] c.n.e.registry.AbstractInstanceRegistry  : Running the evict task with compensationTime 7ms
