2024-12-30T20:01:35.029+05:30  INFO 16588 --- [rating-service] [main] c.l.ratingapplication.RatingApplication  : Starting RatingApplication using Java 22 with PID 16588 (D:\code\microService\ratingApplication\target\classes started by Shreyansh in D:\code\microService\userservice)
2024-12-30T20:01:35.043+05:30  INFO 16588 --- [rating-service] [main] c.l.ratingapplication.RatingApplication  : No active profile set, falling back to 1 default profile: "default"
2024-12-30T20:01:36.388+05:30  INFO 16588 --- [rating-service] [main] .s.d.r.c.RepositoryConfigurationDelegate : Bootstrapping Spring Data MongoDB repositories in DEFAULT mode.
2024-12-30T20:01:36.648+05:30  INFO 16588 --- [rating-service] [main] .s.d.r.c.RepositoryConfigurationDelegate : Finished Spring Data repository scanning in 248 ms. Found 1 MongoDB repository interface.
2024-12-30T20:01:37.068+05:30  INFO 16588 --- [rating-service] [main] o.s.cloud.context.scope.GenericScope     : BeanFactory id=b60ea82f-fe7a-373b-9697-d98ed8e05928
2024-12-30T20:01:37.600+05:30  INFO 16588 --- [rating-service] [main] o.s.b.w.embedded.tomcat.TomcatWebServer  : Tomcat initialized with port 8082 (http)
2024-12-30T20:01:37.642+05:30  INFO 16588 --- [rating-service] [main] o.apache.catalina.core.StandardService   : Starting service [Tomcat]
2024-12-30T20:01:37.643+05:30  INFO 16588 --- [rating-service] [main] o.apache.catalina.core.StandardEngine    : Starting Servlet engine: [Apache Tomcat/10.1.33]
2024-12-30T20:01:37.720+05:30  INFO 16588 --- [rating-service] [main] o.a.c.c.C.[Tomcat].[localhost].[/]       : Initializing Spring embedded WebApplicationContext
2024-12-30T20:01:37.721+05:30  INFO 16588 --- [rating-service] [main] w.s.c.ServletWebServerApplicationContext : Root WebApplicationContext: initialization completed in 2560 ms
2024-12-30T20:01:38.147+05:30  INFO 16588 --- [rating-service] [main] org.mongodb.driver.client                : MongoClient with metadata {"driver": {"name": "mongo-java-driver|sync|spring-boot", "version": "5.2.1"}, "os": {"type": "Windows", "name": "Windows 11", "architecture": "amd64", "version": "10.0"}, "platform": "Java/Oracle Corporation/22+36-2370"} created with settings MongoClientSettings{readPreference=primary, writeConcern=WriteConcern{w=null, wTimeout=null ms, journal=null}, retryWrites=true, retryReads=true, readConcern=ReadConcern{level=null}, credential=null, transportSettings=null, commandListeners=[], codecRegistry=ProvidersCodecRegistry{codecProviders=[ValueCodecProvider{}, BsonValueCodecProvider{}, DBRefCodecProvider{}, DBObjectCodecProvider{}, DocumentCodecProvider{}, CollectionCodecProvider{}, IterableCodecProvider{}, MapCodecProvider{}, GeoJsonCodecProvider{}, GridFSFileCodecProvider{}, Jsr310CodecProvider{}, JsonObjectCodecProvider{}, BsonCodecProvider{}, EnumCodecProvider{}, com.mongodb.client.model.mql.ExpressionCodecProvider@7459a21e, com.mongodb.Jep395RecordCodecProvider@7eeb38b2, com.mongodb.KotlinCodecProvider@d54d0f5]}, loggerSettings=LoggerSettings{maxDocumentLength=1000}, clusterSettings={hosts=[localhost:27017], srvServiceName=mongodb, mode=SINGLE, requiredClusterType=UNKNOWN, requiredReplicaSetName='null', serverSelector='null', clusterListeners='[]', serverSelectionTimeout='30000 ms', localThreshold='15 ms'}, socketSettings=SocketSettings{connectTimeoutMS=10000, readTimeoutMS=0, receiveBufferSize=0, proxySettings=ProxySettings{host=null, port=null, username=null, password=null}}, heartbeatSocketSettings=SocketSettings{connectTimeoutMS=10000, readTimeoutMS=10000, receiveBufferSize=0, proxySettings=ProxySettings{host=null, port=null, username=null, password=null}}, connectionPoolSettings=ConnectionPoolSettings{maxSize=100, minSize=0, maxWaitTimeMS=120000, maxConnectionLifeTimeMS=0, maxConnectionIdleTimeMS=0, maintenanceInitialDelayMS=0, maintenanceFrequencyMS=60000, connectionPoolListeners=[], maxConnecting=2}, serverSettings=ServerSettings{heartbeatFrequencyMS=10000, minHeartbeatFrequencyMS=500, serverMonitoringMode=AUTO, serverListeners='[]', serverMonitorListeners='[]'}, sslSettings=SslSettings{enabled=false, invalidHostNameAllowed=false, context=null}, applicationName='null', compressorList=[], uuidRepresentation=JAVA_LEGACY, serverApi=null, autoEncryptionSettings=null, dnsClient=null, inetAddressResolver=null, contextProvider=null, timeoutMS=null}
2024-12-30T20:01:38.170+05:30  INFO 16588 --- [rating-service] [cluster-ClusterId{value='6772aec9ade6d0488c80d6a1', description='null'}-localhost:27017] org.mongodb.driver.cluster               : Monitor thread successfully connected to server with description ServerDescription{address=localhost:27017, type=STANDALONE, cryptd=false, state=CONNECTED, ok=true, minWireVersion=0, maxWireVersion=21, maxDocumentSize=16777216, logicalSessionTimeoutMinutes=30, roundTripTimeNanos=26428000, minRoundTripTimeNanos=0}
2024-12-30T20:01:39.812+05:30  INFO 16588 --- [rating-service] [main] DiscoveryClientOptionalArgsConfiguration : Eureka HTTP Client uses RestTemplate.
2024-12-30T20:01:39.889+05:30  WARN 16588 --- [rating-service] [main] iguration$LoadBalancerCaffeineWarnLogger : Spring Cloud LoadBalancer is currently working with the default cache. While this cache implementation is useful for development and tests, it's recommended to use Caffeine cache in production.You can switch to using Caffeine cache, by adding it and org.springframework.cache.caffeine.CaffeineCacheManager to the classpath.
2024-12-30T20:01:39.978+05:30  INFO 16588 --- [rating-service] [main] o.s.c.n.eureka.InstanceInfoFactory       : Setting initial instance status as: STARTING
2024-12-30T20:01:40.064+05:30  INFO 16588 --- [rating-service] [main] com.netflix.discovery.DiscoveryClient    : Initializing Eureka in region us-east-1
2024-12-30T20:01:40.081+05:30  INFO 16588 --- [rating-service] [main] c.n.d.s.r.aws.ConfigClusterResolver      : Resolving eureka endpoints via configuration
2024-12-30T20:01:40.092+05:30  INFO 16588 --- [rating-service] [main] com.netflix.discovery.DiscoveryClient    : Disable delta property : false
2024-12-30T20:01:40.092+05:30  INFO 16588 --- [rating-service] [main] com.netflix.discovery.DiscoveryClient    : Single vip registry refresh property : null
2024-12-30T20:01:40.092+05:30  INFO 16588 --- [rating-service] [main] com.netflix.discovery.DiscoveryClient    : Force full registry fetch : false
2024-12-30T20:01:40.093+05:30  INFO 16588 --- [rating-service] [main] com.netflix.discovery.DiscoveryClient    : Application is null : false
2024-12-30T20:01:40.093+05:30  INFO 16588 --- [rating-service] [main] com.netflix.discovery.DiscoveryClient    : Registered Applications size is zero : true
2024-12-30T20:01:40.093+05:30  INFO 16588 --- [rating-service] [main] com.netflix.discovery.DiscoveryClient    : Application version is -1: true
2024-12-30T20:01:40.093+05:30  INFO 16588 --- [rating-service] [main] com.netflix.discovery.DiscoveryClient    : Getting all instance registry info from the eureka server
2024-12-30T20:01:40.717+05:30  INFO 16588 --- [rating-service] [main] com.netflix.discovery.DiscoveryClient    : The response status is 200
2024-12-30T20:01:40.723+05:30  INFO 16588 --- [rating-service] [main] com.netflix.discovery.DiscoveryClient    : Starting heartbeat executor: renew interval is: 30
2024-12-30T20:01:40.727+05:30  INFO 16588 --- [rating-service] [main] c.n.discovery.InstanceInfoReplicator     : InstanceInfoReplicator onDemand update allowed rate per min is 4
2024-12-30T20:01:40.730+05:30  INFO 16588 --- [rating-service] [main] com.netflix.discovery.DiscoveryClient    : Discovery Client initialized at timestamp 1735569100729 with initial instances count: 0
2024-12-30T20:01:40.737+05:30  INFO 16588 --- [rating-service] [main] o.s.c.n.e.s.EurekaServiceRegistry        : Registering application RATING-SERVICE with eureka with status UP
2024-12-30T20:01:40.738+05:30  INFO 16588 --- [rating-service] [main] com.netflix.discovery.DiscoveryClient    : Saw local status change event StatusChangeEvent [timestamp=1735569100738, current=UP, previous=STARTING]
2024-12-30T20:01:40.740+05:30  INFO 16588 --- [rating-service] [DiscoveryClient-InstanceInfoReplicator-%d] com.netflix.discovery.DiscoveryClient    : DiscoveryClient_RATING-SERVICE/Shreyansh:rating-service:8082: registering service...
2024-12-30T20:01:40.765+05:30  INFO 16588 --- [rating-service] [main] o.s.b.w.embedded.tomcat.TomcatWebServer  : Tomcat started on port 8082 (http) with context path '/'
2024-12-30T20:01:40.766+05:30  INFO 16588 --- [rating-service] [main] .s.c.n.e.s.EurekaAutoServiceRegistration : Updating port to 8082
2024-12-30T20:01:40.790+05:30  INFO 16588 --- [rating-service] [main] c.l.ratingapplication.RatingApplication  : Started RatingApplication in 6.576 seconds (process running for 8.313)
2024-12-30T20:01:40.854+05:30  INFO 16588 --- [rating-service] [DiscoveryClient-InstanceInfoReplicator-%d] com.netflix.discovery.DiscoveryClient    : DiscoveryClient_RATING-SERVICE/Shreyansh:rating-service:8082 - registration status: 204
2024-12-30T20:02:10.731+05:30  INFO 16588 --- [rating-service] [DiscoveryClient-CacheRefreshExecutor-%d] com.netflix.discovery.DiscoveryClient    : Disable delta property : false
2024-12-30T20:02:10.733+05:30  INFO 16588 --- [rating-service] [DiscoveryClient-CacheRefreshExecutor-%d] com.netflix.discovery.DiscoveryClient    : Single vip registry refresh property : null
2024-12-30T20:02:10.733+05:30  INFO 16588 --- [rating-service] [DiscoveryClient-CacheRefreshExecutor-%d] com.netflix.discovery.DiscoveryClient    : Force full registry fetch : false
2024-12-30T20:02:10.734+05:30  INFO 16588 --- [rating-service] [DiscoveryClient-CacheRefreshExecutor-%d] com.netflix.discovery.DiscoveryClient    : Application is null : false
2024-12-30T20:02:10.734+05:30  INFO 16588 --- [rating-service] [DiscoveryClient-CacheRefreshExecutor-%d] com.netflix.discovery.DiscoveryClient    : Registered Applications size is zero : true
2024-12-30T20:02:10.734+05:30  INFO 16588 --- [rating-service] [DiscoveryClient-CacheRefreshExecutor-%d] com.netflix.discovery.DiscoveryClient    : Application version is -1: false
2024-12-30T20:02:10.734+05:30  INFO 16588 --- [rating-service] [DiscoveryClient-CacheRefreshExecutor-%d] com.netflix.discovery.DiscoveryClient    : Getting all instance registry info from the eureka server
2024-12-30T20:02:10.771+05:30  INFO 16588 --- [rating-service] [DiscoveryClient-CacheRefreshExecutor-%d] com.netflix.discovery.DiscoveryClient    : The response status is 200
