2024-12-29 23:03:11,412 INFO o.a.j.u.JMeterUtils: Setting Locale to en_EN
2024-12-29 23:03:11,429 INFO o.a.j.JMeter: Loading user properties from: user.properties
2024-12-29 23:03:11,431 INFO o.a.j.JMeter: Loading system properties from: system.properties
2024-12-29 23:03:11,435 INFO o.a.j.JMeter: Copyright (c) 1998-2024 The Apache Software Foundation
2024-12-29 23:03:11,435 INFO o.a.j.JMeter: Version 5.6.3
2024-12-29 23:03:11,435 INFO o.a.j.JMeter: java.version=21.0.1
2024-12-29 23:03:11,435 INFO o.a.j.JMeter: java.vm.name=Java HotSpot(TM) 64-Bit Server VM
2024-12-29 23:03:11,435 INFO o.a.j.JMeter: os.name=Windows 11
2024-12-29 23:03:11,436 INFO o.a.j.JMeter: os.arch=amd64
2024-12-29 23:03:11,436 INFO o.a.j.JMeter: os.version=10.0
2024-12-29 23:03:11,436 INFO o.a.j.JMeter: file.encoding=UTF-8
2024-12-29 23:03:11,436 INFO o.a.j.JMeter: java.awt.headless=null
2024-12-29 23:03:11,436 INFO o.a.j.JMeter: Max memory     =1073741824
2024-12-29 23:03:11,436 INFO o.a.j.JMeter: Available Processors =16
2024-12-29 23:03:11,445 INFO o.a.j.JMeter: Default Locale=English (EN)
2024-12-29 23:03:11,445 INFO o.a.j.JMeter: JMeter  Locale=English (EN)
2024-12-29 23:03:11,445 INFO o.a.j.JMeter: JMeterHome=D:\code\microService\apache-jmeter-5.6.3
2024-12-29 23:03:11,445 INFO o.a.j.JMeter: user.dir  =D:\code\microService\apache-jmeter-5.6.3\bin
2024-12-29 23:03:11,445 INFO o.a.j.JMeter: PWD       =D:\code\microService\apache-jmeter-5.6.3\bin
2024-12-29 23:03:11,447 INFO o.a.j.JMeter: IP: 192.168.1.17 Name: Shreyansh FullName: Shreyansh
2024-12-29 23:03:11,458 INFO o.a.j.JMeter: Loaded icon properties from org/apache/jmeter/images/icon.properties
2024-12-29 23:03:11,589 INFO o.a.j.JMeterGuiLauncher: Setting LAF to: com.github.weisj.darklaf.DarkLaf:com.github.weisj.darklaf.theme.DarculaTheme
2024-12-29 23:03:30,081 INFO o.a.j.s.SampleResult: Note: Sample TimeStamps are START times
2024-12-29 23:03:30,082 INFO o.a.j.s.SampleResult: sampleresult.default.encoding is set to UTF-8
2024-12-29 23:03:30,082 INFO o.a.j.s.SampleResult: sampleresult.useNanoTime=true
2024-12-29 23:03:30,082 INFO o.a.j.s.SampleResult: sampleresult.nanoThreadSleep=5000
2024-12-29 23:03:37,297 INFO o.a.j.s.FileServer: Default base='D:\code\microService\apache-jmeter-5.6.3\bin'
2024-12-29 23:03:37,298 INFO o.a.j.s.FileServer: Set new base='D:\code\microService\apache-jmeter-5.6.3\bin'
2024-12-29 23:03:37,472 INFO o.a.j.s.SaveService: Testplan (JMX) version: 2.2. Testlog (JTL) version: 2.2
2024-12-29 23:03:37,507 INFO o.a.j.s.SaveService: Using SaveService properties version 5.0
2024-12-29 23:03:37,508 INFO o.a.j.s.SaveService: Using SaveService properties file encoding UTF-8
2024-12-29 23:03:37,537 INFO o.a.j.e.StandardJMeterEngine: Running the test!
2024-12-29 23:03:37,538 INFO o.a.j.s.SampleEvent: List of sample_variables: []
2024-12-29 23:03:37,538 INFO o.a.j.s.SampleEvent: List of sample_variables: []
2024-12-29 23:03:37,539 INFO o.a.j.e.u.CompoundVariable: Note: Function class names must contain the string: '.functions.'
2024-12-29 23:03:37,539 INFO o.a.j.e.u.CompoundVariable: Note: Function class names must not contain the string: '.gui.'
2024-12-29 23:03:37,586 INFO o.a.j.g.u.JMeterMenuBar: setRunning(true, *local*)
2024-12-29 23:03:37,611 INFO o.a.j.e.StandardJMeterEngine: Starting ThreadGroup: 1 : Thread Group
2024-12-29 23:03:37,611 INFO o.a.j.e.StandardJMeterEngine: Starting 1 threads for group Thread Group.
2024-12-29 23:03:37,611 INFO o.a.j.e.StandardJMeterEngine: Thread will continue on error
2024-12-29 23:03:37,611 INFO o.a.j.t.ThreadGroup: Starting thread group... number=1 threads=1 ramp-up=1 delayedStart=false
2024-12-29 23:03:37,613 INFO o.a.j.t.ThreadGroup: Started thread group number 1
2024-12-29 23:03:37,613 INFO o.a.j.e.StandardJMeterEngine: All thread groups have been started
2024-12-29 23:03:37,613 INFO o.a.j.t.JMeterThread: Thread started: Thread Group 1-1
2024-12-29 23:03:37,615 INFO o.a.j.t.JMeterThread: Thread is done: Thread Group 1-1
2024-12-29 23:03:37,615 INFO o.a.j.t.JMeterThread: Thread finished: Thread Group 1-1
2024-12-29 23:03:37,615 INFO o.a.j.e.StandardJMeterEngine: Notifying test listeners of end of test
2024-12-29 23:03:37,615 INFO o.a.j.g.u.JMeterMenuBar: setRunning(false, *local*)
2024-12-29 23:03:39,810 INFO o.a.j.e.StandardJMeterEngine: Running the test!
2024-12-29 23:03:39,810 INFO o.a.j.s.SampleEvent: List of sample_variables: []
2024-12-29 23:03:39,811 INFO o.a.j.g.u.JMeterMenuBar: setRunning(true, *local*)
2024-12-29 23:03:39,830 INFO o.a.j.e.StandardJMeterEngine: Starting ThreadGroup: 1 : Thread Group
2024-12-29 23:03:39,830 INFO o.a.j.e.StandardJMeterEngine: Starting 1 threads for group Thread Group.
2024-12-29 23:03:39,830 INFO o.a.j.e.StandardJMeterEngine: Thread will continue on error
2024-12-29 23:03:39,831 INFO o.a.j.t.ThreadGroup: Starting thread group... number=1 threads=1 ramp-up=1 delayedStart=false
2024-12-29 23:03:39,831 INFO o.a.j.t.ThreadGroup: Started thread group number 1
2024-12-29 23:03:39,831 INFO o.a.j.e.StandardJMeterEngine: All thread groups have been started
2024-12-29 23:03:39,831 INFO o.a.j.t.JMeterThread: Thread started: Thread Group 1-1
2024-12-29 23:03:39,831 INFO o.a.j.t.JMeterThread: Thread is done: Thread Group 1-1
2024-12-29 23:03:39,832 INFO o.a.j.t.JMeterThread: Thread finished: Thread Group 1-1
2024-12-29 23:03:39,832 INFO o.a.j.e.StandardJMeterEngine: Notifying test listeners of end of test
2024-12-29 23:03:39,832 INFO o.a.j.g.u.JMeterMenuBar: setRunning(false, *local*)
2024-12-29 23:03:42,901 INFO o.a.j.e.StandardJMeterEngine: Running the test!
2024-12-29 23:03:42,901 INFO o.a.j.s.SampleEvent: List of sample_variables: []
2024-12-29 23:03:42,901 INFO o.a.j.g.u.JMeterMenuBar: setRunning(true, *local*)
2024-12-29 23:03:42,920 INFO o.a.j.e.StandardJMeterEngine: Starting ThreadGroup: 1 : Thread Group
2024-12-29 23:03:42,920 INFO o.a.j.e.StandardJMeterEngine: Starting 1 threads for group Thread Group.
2024-12-29 23:03:42,920 INFO o.a.j.e.StandardJMeterEngine: Thread will continue on error
2024-12-29 23:03:42,920 INFO o.a.j.t.ThreadGroup: Starting thread group... number=1 threads=1 ramp-up=1 delayedStart=false
2024-12-29 23:03:42,921 INFO o.a.j.t.ThreadGroup: Started thread group number 1
2024-12-29 23:03:42,921 INFO o.a.j.e.StandardJMeterEngine: All thread groups have been started
2024-12-29 23:03:42,921 INFO o.a.j.t.JMeterThread: Thread started: Thread Group 1-1
2024-12-29 23:03:42,922 INFO o.a.j.t.JMeterThread: Thread is done: Thread Group 1-1
2024-12-29 23:03:42,922 INFO o.a.j.t.JMeterThread: Thread finished: Thread Group 1-1
2024-12-29 23:03:42,922 INFO o.a.j.e.StandardJMeterEngine: Notifying test listeners of end of test
2024-12-29 23:03:42,922 INFO o.a.j.g.u.JMeterMenuBar: setRunning(false, *local*)
2024-12-29 23:03:43,653 INFO o.a.j.e.StandardJMeterEngine: Running the test!
2024-12-29 23:03:43,654 INFO o.a.j.s.SampleEvent: List of sample_variables: []
2024-12-29 23:03:43,654 INFO o.a.j.g.u.JMeterMenuBar: setRunning(true, *local*)
2024-12-29 23:03:43,672 INFO o.a.j.e.StandardJMeterEngine: Starting ThreadGroup: 1 : Thread Group
2024-12-29 23:03:43,672 INFO o.a.j.e.StandardJMeterEngine: Starting 1 threads for group Thread Group.
2024-12-29 23:03:43,672 INFO o.a.j.e.StandardJMeterEngine: Thread will continue on error
2024-12-29 23:03:43,672 INFO o.a.j.t.ThreadGroup: Starting thread group... number=1 threads=1 ramp-up=1 delayedStart=false
2024-12-29 23:03:43,672 INFO o.a.j.t.ThreadGroup: Started thread group number 1
2024-12-29 23:03:43,672 INFO o.a.j.e.StandardJMeterEngine: All thread groups have been started
2024-12-29 23:03:43,673 INFO o.a.j.t.JMeterThread: Thread started: Thread Group 1-1
2024-12-29 23:03:43,673 INFO o.a.j.t.JMeterThread: Thread is done: Thread Group 1-1
2024-12-29 23:03:43,673 INFO o.a.j.t.JMeterThread: Thread finished: Thread Group 1-1
2024-12-29 23:03:43,673 INFO o.a.j.e.StandardJMeterEngine: Notifying test listeners of end of test
2024-12-29 23:03:43,673 INFO o.a.j.g.u.JMeterMenuBar: setRunning(false, *local*)
2024-12-29 23:03:45,052 INFO o.a.j.e.StandardJMeterEngine: Running the test!
2024-12-29 23:03:45,052 INFO o.a.j.s.SampleEvent: List of sample_variables: []
2024-12-29 23:03:45,053 INFO o.a.j.g.u.JMeterMenuBar: setRunning(true, *local*)
2024-12-29 23:03:45,074 INFO o.a.j.e.StandardJMeterEngine: Starting ThreadGroup: 1 : Thread Group
2024-12-29 23:03:45,075 INFO o.a.j.e.StandardJMeterEngine: Starting 1 threads for group Thread Group.
2024-12-29 23:03:45,075 INFO o.a.j.e.StandardJMeterEngine: Thread will continue on error
2024-12-29 23:03:45,075 INFO o.a.j.t.ThreadGroup: Starting thread group... number=1 threads=1 ramp-up=1 delayedStart=false
2024-12-29 23:03:45,075 INFO o.a.j.t.ThreadGroup: Started thread group number 1
2024-12-29 23:03:45,075 INFO o.a.j.e.StandardJMeterEngine: All thread groups have been started
2024-12-29 23:03:45,075 INFO o.a.j.t.JMeterThread: Thread started: Thread Group 1-1
2024-12-29 23:03:45,076 INFO o.a.j.t.JMeterThread: Thread is done: Thread Group 1-1
2024-12-29 23:03:45,076 INFO o.a.j.t.JMeterThread: Thread finished: Thread Group 1-1
2024-12-29 23:03:45,076 INFO o.a.j.e.StandardJMeterEngine: Notifying test listeners of end of test
2024-12-29 23:03:45,076 INFO o.a.j.g.u.JMeterMenuBar: setRunning(false, *local*)
2024-12-29 23:03:45,802 INFO o.a.j.e.StandardJMeterEngine: Running the test!
2024-12-29 23:03:45,802 INFO o.a.j.s.SampleEvent: List of sample_variables: []
2024-12-29 23:03:45,802 INFO o.a.j.g.u.JMeterMenuBar: setRunning(true, *local*)
2024-12-29 23:03:45,815 INFO o.a.j.e.StandardJMeterEngine: Starting ThreadGroup: 1 : Thread Group
2024-12-29 23:03:45,815 INFO o.a.j.e.StandardJMeterEngine: Starting 1 threads for group Thread Group.
2024-12-29 23:03:45,815 INFO o.a.j.e.StandardJMeterEngine: Thread will continue on error
2024-12-29 23:03:45,815 INFO o.a.j.t.ThreadGroup: Starting thread group... number=1 threads=1 ramp-up=1 delayedStart=false
2024-12-29 23:03:45,816 INFO o.a.j.t.ThreadGroup: Started thread group number 1
2024-12-29 23:03:45,816 INFO o.a.j.e.StandardJMeterEngine: All thread groups have been started
2024-12-29 23:03:45,816 INFO o.a.j.t.JMeterThread: Thread started: Thread Group 1-1
2024-12-29 23:03:45,816 INFO o.a.j.t.JMeterThread: Thread is done: Thread Group 1-1
2024-12-29 23:03:45,816 INFO o.a.j.t.JMeterThread: Thread finished: Thread Group 1-1
2024-12-29 23:03:45,816 INFO o.a.j.e.StandardJMeterEngine: Notifying test listeners of end of test
2024-12-29 23:03:45,816 INFO o.a.j.g.u.JMeterMenuBar: setRunning(false, *local*)
2024-12-29 23:03:46,027 INFO o.a.j.e.StandardJMeterEngine: Running the test!
2024-12-29 23:03:46,027 INFO o.a.j.s.SampleEvent: List of sample_variables: []
2024-12-29 23:03:46,028 INFO o.a.j.g.u.JMeterMenuBar: setRunning(true, *local*)
2024-12-29 23:03:46,043 INFO o.a.j.e.StandardJMeterEngine: Starting ThreadGroup: 1 : Thread Group
2024-12-29 23:03:46,043 INFO o.a.j.e.StandardJMeterEngine: Starting 1 threads for group Thread Group.
2024-12-29 23:03:46,043 INFO o.a.j.e.StandardJMeterEngine: Thread will continue on error
2024-12-29 23:03:46,044 INFO o.a.j.t.ThreadGroup: Starting thread group... number=1 threads=1 ramp-up=1 delayedStart=false
2024-12-29 23:03:46,044 INFO o.a.j.t.ThreadGroup: Started thread group number 1
2024-12-29 23:03:46,044 INFO o.a.j.e.StandardJMeterEngine: All thread groups have been started
2024-12-29 23:03:46,044 INFO o.a.j.t.JMeterThread: Thread started: Thread Group 1-1
2024-12-29 23:03:46,045 INFO o.a.j.t.JMeterThread: Thread is done: Thread Group 1-1
2024-12-29 23:03:46,045 INFO o.a.j.t.JMeterThread: Thread finished: Thread Group 1-1
2024-12-29 23:03:46,045 INFO o.a.j.e.StandardJMeterEngine: Notifying test listeners of end of test
2024-12-29 23:03:46,045 INFO o.a.j.g.u.JMeterMenuBar: setRunning(false, *local*)
2024-12-29 23:03:46,426 INFO o.a.j.e.StandardJMeterEngine: Running the test!
2024-12-29 23:03:46,426 INFO o.a.j.s.SampleEvent: List of sample_variables: []
2024-12-29 23:03:46,427 INFO o.a.j.g.u.JMeterMenuBar: setRunning(true, *local*)
2024-12-29 23:03:46,440 INFO o.a.j.e.StandardJMeterEngine: Starting ThreadGroup: 1 : Thread Group
2024-12-29 23:03:46,440 INFO o.a.j.e.StandardJMeterEngine: Starting 1 threads for group Thread Group.
2024-12-29 23:03:46,440 INFO o.a.j.e.StandardJMeterEngine: Thread will continue on error
2024-12-29 23:03:46,440 INFO o.a.j.t.ThreadGroup: Starting thread group... number=1 threads=1 ramp-up=1 delayedStart=false
2024-12-29 23:03:46,441 INFO o.a.j.t.ThreadGroup: Started thread group number 1
2024-12-29 23:03:46,441 INFO o.a.j.e.StandardJMeterEngine: All thread groups have been started
2024-12-29 23:03:46,441 INFO o.a.j.t.JMeterThread: Thread started: Thread Group 1-1
2024-12-29 23:03:46,441 INFO o.a.j.t.JMeterThread: Thread is done: Thread Group 1-1
2024-12-29 23:03:46,441 INFO o.a.j.t.JMeterThread: Thread finished: Thread Group 1-1
2024-12-29 23:03:46,441 INFO o.a.j.e.StandardJMeterEngine: Notifying test listeners of end of test
2024-12-29 23:03:46,441 INFO o.a.j.g.u.JMeterMenuBar: setRunning(false, *local*)
2024-12-29 23:03:46,610 INFO o.a.j.e.StandardJMeterEngine: Running the test!
2024-12-29 23:03:46,610 INFO o.a.j.s.SampleEvent: List of sample_variables: []
2024-12-29 23:03:46,610 INFO o.a.j.g.u.JMeterMenuBar: setRunning(true, *local*)
2024-12-29 23:03:46,624 INFO o.a.j.e.StandardJMeterEngine: Starting ThreadGroup: 1 : Thread Group
2024-12-29 23:03:46,624 INFO o.a.j.e.StandardJMeterEngine: Starting 1 threads for group Thread Group.
2024-12-29 23:03:46,624 INFO o.a.j.e.StandardJMeterEngine: Thread will continue on error
2024-12-29 23:03:46,624 INFO o.a.j.t.ThreadGroup: Starting thread group... number=1 threads=1 ramp-up=1 delayedStart=false
2024-12-29 23:03:46,625 INFO o.a.j.t.ThreadGroup: Started thread group number 1
2024-12-29 23:03:46,625 INFO o.a.j.e.StandardJMeterEngine: All thread groups have been started
2024-12-29 23:03:46,625 INFO o.a.j.t.JMeterThread: Thread started: Thread Group 1-1
2024-12-29 23:03:46,625 INFO o.a.j.t.JMeterThread: Thread is done: Thread Group 1-1
2024-12-29 23:03:46,625 INFO o.a.j.t.JMeterThread: Thread finished: Thread Group 1-1
2024-12-29 23:03:46,626 INFO o.a.j.e.StandardJMeterEngine: Notifying test listeners of end of test
2024-12-29 23:03:46,626 INFO o.a.j.g.u.JMeterMenuBar: setRunning(false, *local*)
2024-12-29 23:03:46,753 INFO o.a.j.e.StandardJMeterEngine: Running the test!
2024-12-29 23:03:46,753 INFO o.a.j.s.SampleEvent: List of sample_variables: []
2024-12-29 23:03:46,754 INFO o.a.j.g.u.JMeterMenuBar: setRunning(true, *local*)
2024-12-29 23:03:46,767 INFO o.a.j.e.StandardJMeterEngine: Starting ThreadGroup: 1 : Thread Group
2024-12-29 23:03:46,768 INFO o.a.j.e.StandardJMeterEngine: Starting 1 threads for group Thread Group.
2024-12-29 23:03:46,768 INFO o.a.j.e.StandardJMeterEngine: Thread will continue on error
2024-12-29 23:03:46,768 INFO o.a.j.t.ThreadGroup: Starting thread group... number=1 threads=1 ramp-up=1 delayedStart=false
2024-12-29 23:03:46,768 INFO o.a.j.t.ThreadGroup: Started thread group number 1
2024-12-29 23:03:46,768 INFO o.a.j.e.StandardJMeterEngine: All thread groups have been started
2024-12-29 23:03:46,769 INFO o.a.j.t.JMeterThread: Thread started: Thread Group 1-1
2024-12-29 23:03:46,769 INFO o.a.j.t.JMeterThread: Thread is done: Thread Group 1-1
2024-12-29 23:03:46,769 INFO o.a.j.t.JMeterThread: Thread finished: Thread Group 1-1
2024-12-29 23:03:46,769 INFO o.a.j.e.StandardJMeterEngine: Notifying test listeners of end of test
2024-12-29 23:03:46,769 INFO o.a.j.g.u.JMeterMenuBar: setRunning(false, *local*)
2024-12-29 23:03:46,939 INFO o.a.j.e.StandardJMeterEngine: Running the test!
2024-12-29 23:03:46,939 INFO o.a.j.s.SampleEvent: List of sample_variables: []
2024-12-29 23:03:46,939 INFO o.a.j.g.u.JMeterMenuBar: setRunning(true, *local*)
2024-12-29 23:03:46,958 INFO o.a.j.e.StandardJMeterEngine: Starting ThreadGroup: 1 : Thread Group
2024-12-29 23:03:46,959 INFO o.a.j.e.StandardJMeterEngine: Starting 1 threads for group Thread Group.
2024-12-29 23:03:46,959 INFO o.a.j.e.StandardJMeterEngine: Thread will continue on error
2024-12-29 23:03:46,959 INFO o.a.j.t.ThreadGroup: Starting thread group... number=1 threads=1 ramp-up=1 delayedStart=false
2024-12-29 23:03:46,959 INFO o.a.j.t.ThreadGroup: Started thread group number 1
2024-12-29 23:03:46,959 INFO o.a.j.e.StandardJMeterEngine: All thread groups have been started
2024-12-29 23:03:46,959 INFO o.a.j.t.JMeterThread: Thread started: Thread Group 1-1
2024-12-29 23:03:46,960 INFO o.a.j.t.JMeterThread: Thread is done: Thread Group 1-1
2024-12-29 23:03:46,960 INFO o.a.j.t.JMeterThread: Thread finished: Thread Group 1-1
2024-12-29 23:03:46,960 INFO o.a.j.e.StandardJMeterEngine: Notifying test listeners of end of test
2024-12-29 23:03:46,960 INFO o.a.j.g.u.JMeterMenuBar: setRunning(false, *local*)
2024-12-29 23:03:47,090 INFO o.a.j.e.StandardJMeterEngine: Running the test!
2024-12-29 23:03:47,090 INFO o.a.j.s.SampleEvent: List of sample_variables: []
2024-12-29 23:03:47,090 INFO o.a.j.g.u.JMeterMenuBar: setRunning(true, *local*)
2024-12-29 23:03:47,108 INFO o.a.j.e.StandardJMeterEngine: Starting ThreadGroup: 1 : Thread Group
2024-12-29 23:03:47,108 INFO o.a.j.e.StandardJMeterEngine: Starting 1 threads for group Thread Group.
2024-12-29 23:03:47,108 INFO o.a.j.e.StandardJMeterEngine: Thread will continue on error
2024-12-29 23:03:47,108 INFO o.a.j.t.ThreadGroup: Starting thread group... number=1 threads=1 ramp-up=1 delayedStart=false
2024-12-29 23:03:47,108 INFO o.a.j.t.ThreadGroup: Started thread group number 1
2024-12-29 23:03:47,108 INFO o.a.j.e.StandardJMeterEngine: All thread groups have been started
2024-12-29 23:03:47,109 INFO o.a.j.t.JMeterThread: Thread started: Thread Group 1-1
2024-12-29 23:03:47,109 INFO o.a.j.t.JMeterThread: Thread is done: Thread Group 1-1
2024-12-29 23:03:47,109 INFO o.a.j.t.JMeterThread: Thread finished: Thread Group 1-1
2024-12-29 23:03:47,109 INFO o.a.j.e.StandardJMeterEngine: Notifying test listeners of end of test
2024-12-29 23:03:47,109 INFO o.a.j.g.u.JMeterMenuBar: setRunning(false, *local*)
2024-12-29 23:03:47,273 INFO o.a.j.e.StandardJMeterEngine: Running the test!
2024-12-29 23:03:47,273 INFO o.a.j.s.SampleEvent: List of sample_variables: []
2024-12-29 23:03:47,274 INFO o.a.j.g.u.JMeterMenuBar: setRunning(true, *local*)
2024-12-29 23:03:47,288 INFO o.a.j.e.StandardJMeterEngine: Starting ThreadGroup: 1 : Thread Group
2024-12-29 23:03:47,288 INFO o.a.j.e.StandardJMeterEngine: Starting 1 threads for group Thread Group.
2024-12-29 23:03:47,288 INFO o.a.j.e.StandardJMeterEngine: Thread will continue on error
2024-12-29 23:03:47,288 INFO o.a.j.t.ThreadGroup: Starting thread group... number=1 threads=1 ramp-up=1 delayedStart=false
2024-12-29 23:03:47,288 INFO o.a.j.t.ThreadGroup: Started thread group number 1
2024-12-29 23:03:47,288 INFO o.a.j.e.StandardJMeterEngine: All thread groups have been started
2024-12-29 23:03:47,289 INFO o.a.j.t.JMeterThread: Thread started: Thread Group 1-1
2024-12-29 23:03:47,289 INFO o.a.j.t.JMeterThread: Thread is done: Thread Group 1-1
2024-12-29 23:03:47,289 INFO o.a.j.t.JMeterThread: Thread finished: Thread Group 1-1
2024-12-29 23:03:47,289 INFO o.a.j.e.StandardJMeterEngine: Notifying test listeners of end of test
2024-12-29 23:03:47,289 INFO o.a.j.g.u.JMeterMenuBar: setRunning(false, *local*)
2024-12-29 23:03:51,051 INFO o.a.j.e.StandardJMeterEngine: Running the test!
2024-12-29 23:03:51,052 INFO o.a.j.s.SampleEvent: List of sample_variables: []
2024-12-29 23:03:51,052 INFO o.a.j.g.u.JMeterMenuBar: setRunning(true, *local*)
2024-12-29 23:03:51,067 INFO o.a.j.e.StandardJMeterEngine: Starting ThreadGroup: 1 : Thread Group
2024-12-29 23:03:51,067 INFO o.a.j.e.StandardJMeterEngine: Starting 1 threads for group Thread Group.
2024-12-29 23:03:51,067 INFO o.a.j.e.StandardJMeterEngine: Thread will continue on error
2024-12-29 23:03:51,067 INFO o.a.j.t.ThreadGroup: Starting thread group... number=1 threads=1 ramp-up=1 delayedStart=false
2024-12-29 23:03:51,067 INFO o.a.j.t.ThreadGroup: Started thread group number 1
2024-12-29 23:03:51,067 INFO o.a.j.e.StandardJMeterEngine: All thread groups have been started
2024-12-29 23:03:51,067 INFO o.a.j.t.JMeterThread: Thread started: Thread Group 1-1
2024-12-29 23:03:51,068 INFO o.a.j.t.JMeterThread: Thread is done: Thread Group 1-1
2024-12-29 23:03:51,068 INFO o.a.j.t.JMeterThread: Thread finished: Thread Group 1-1
2024-12-29 23:03:51,068 INFO o.a.j.e.StandardJMeterEngine: Notifying test listeners of end of test
2024-12-29 23:03:51,068 INFO o.a.j.g.u.JMeterMenuBar: setRunning(false, *local*)
2024-12-29 23:04:09,781 INFO o.a.j.e.StandardJMeterEngine: Running the test!
2024-12-29 23:04:09,781 INFO o.a.j.s.SampleEvent: List of sample_variables: []
2024-12-29 23:04:09,781 INFO o.a.j.g.u.JMeterMenuBar: setRunning(true, *local*)
2024-12-29 23:04:09,797 INFO o.a.j.e.StandardJMeterEngine: Starting ThreadGroup: 1 : Thread Group
2024-12-29 23:04:09,798 INFO o.a.j.e.StandardJMeterEngine: Starting 15 threads for group Thread Group.
2024-12-29 23:04:09,798 INFO o.a.j.e.StandardJMeterEngine: Thread will continue on error
2024-12-29 23:04:09,798 INFO o.a.j.t.ThreadGroup: Starting thread group... number=1 threads=15 ramp-up=1 delayedStart=false
2024-12-29 23:04:09,798 INFO o.a.j.t.JMeterThread: Thread started: Thread Group 1-1
2024-12-29 23:04:09,799 INFO o.a.j.t.JMeterThread: Thread is done: Thread Group 1-1
2024-12-29 23:04:09,799 INFO o.a.j.t.JMeterThread: Thread finished: Thread Group 1-1
2024-12-29 23:04:09,799 INFO o.a.j.t.ThreadGroup: Started thread group number 1
2024-12-29 23:04:09,799 INFO o.a.j.e.StandardJMeterEngine: All thread groups have been started
2024-12-29 23:04:09,866 INFO o.a.j.t.JMeterThread: Thread started: Thread Group 1-2
2024-12-29 23:04:09,866 INFO o.a.j.t.JMeterThread: Thread is done: Thread Group 1-2
2024-12-29 23:04:09,866 INFO o.a.j.t.JMeterThread: Thread finished: Thread Group 1-2
2024-12-29 23:04:09,933 INFO o.a.j.t.JMeterThread: Thread started: Thread Group 1-3
2024-12-29 23:04:09,933 INFO o.a.j.t.JMeterThread: Thread is done: Thread Group 1-3
2024-12-29 23:04:09,933 INFO o.a.j.t.JMeterThread: Thread finished: Thread Group 1-3
2024-12-29 23:04:10,002 INFO o.a.j.t.JMeterThread: Thread started: Thread Group 1-4
2024-12-29 23:04:10,002 INFO o.a.j.t.JMeterThread: Thread is done: Thread Group 1-4
2024-12-29 23:04:10,002 INFO o.a.j.t.JMeterThread: Thread finished: Thread Group 1-4
2024-12-29 23:04:10,069 INFO o.a.j.t.JMeterThread: Thread started: Thread Group 1-5
2024-12-29 23:04:10,069 INFO o.a.j.t.JMeterThread: Thread is done: Thread Group 1-5
2024-12-29 23:04:10,070 INFO o.a.j.t.JMeterThread: Thread finished: Thread Group 1-5
2024-12-29 23:04:10,134 INFO o.a.j.t.JMeterThread: Thread started: Thread Group 1-6
2024-12-29 23:04:10,135 INFO o.a.j.t.JMeterThread: Thread is done: Thread Group 1-6
2024-12-29 23:04:10,135 INFO o.a.j.t.JMeterThread: Thread finished: Thread Group 1-6
2024-12-29 23:04:10,201 INFO o.a.j.t.JMeterThread: Thread started: Thread Group 1-7
2024-12-29 23:04:10,201 INFO o.a.j.t.JMeterThread: Thread is done: Thread Group 1-7
2024-12-29 23:04:10,201 INFO o.a.j.t.JMeterThread: Thread finished: Thread Group 1-7
2024-12-29 23:04:10,268 INFO o.a.j.t.JMeterThread: Thread started: Thread Group 1-8
2024-12-29 23:04:10,268 INFO o.a.j.t.JMeterThread: Thread is done: Thread Group 1-8
2024-12-29 23:04:10,268 INFO o.a.j.t.JMeterThread: Thread finished: Thread Group 1-8
2024-12-29 23:04:10,335 INFO o.a.j.t.JMeterThread: Thread started: Thread Group 1-9
2024-12-29 23:04:10,335 INFO o.a.j.t.JMeterThread: Thread is done: Thread Group 1-9
2024-12-29 23:04:10,335 INFO o.a.j.t.JMeterThread: Thread finished: Thread Group 1-9
2024-12-29 23:04:10,402 INFO o.a.j.t.JMeterThread: Thread started: Thread Group 1-10
2024-12-29 23:04:10,402 INFO o.a.j.t.JMeterThread: Thread is done: Thread Group 1-10
2024-12-29 23:04:10,402 INFO o.a.j.t.JMeterThread: Thread finished: Thread Group 1-10
2024-12-29 23:04:10,469 INFO o.a.j.t.JMeterThread: Thread started: Thread Group 1-11
2024-12-29 23:04:10,469 INFO o.a.j.t.JMeterThread: Thread is done: Thread Group 1-11
2024-12-29 23:04:10,469 INFO o.a.j.t.JMeterThread: Thread finished: Thread Group 1-11
2024-12-29 23:04:10,536 INFO o.a.j.t.JMeterThread: Thread started: Thread Group 1-12
2024-12-29 23:04:10,536 INFO o.a.j.t.JMeterThread: Thread is done: Thread Group 1-12
2024-12-29 23:04:10,536 INFO o.a.j.t.JMeterThread: Thread finished: Thread Group 1-12
2024-12-29 23:04:10,604 INFO o.a.j.t.JMeterThread: Thread started: Thread Group 1-13
2024-12-29 23:04:10,604 INFO o.a.j.t.JMeterThread: Thread is done: Thread Group 1-13
2024-12-29 23:04:10,604 INFO o.a.j.t.JMeterThread: Thread finished: Thread Group 1-13
2024-12-29 23:04:10,672 INFO o.a.j.t.JMeterThread: Thread started: Thread Group 1-14
2024-12-29 23:04:10,672 INFO o.a.j.t.JMeterThread: Thread is done: Thread Group 1-14
2024-12-29 23:04:10,672 INFO o.a.j.t.JMeterThread: Thread finished: Thread Group 1-14
2024-12-29 23:04:10,738 INFO o.a.j.t.JMeterThread: Thread started: Thread Group 1-15
2024-12-29 23:04:10,738 INFO o.a.j.t.JMeterThread: Thread is done: Thread Group 1-15
2024-12-29 23:04:10,738 INFO o.a.j.t.JMeterThread: Thread finished: Thread Group 1-15
2024-12-29 23:04:10,738 INFO o.a.j.e.StandardJMeterEngine: Notifying test listeners of end of test
2024-12-29 23:04:10,738 INFO o.a.j.g.u.JMeterMenuBar: setRunning(false, *local*)
