2024-12-27T18:49:34.542+05:30  INFO 21152 --- [config-Server] [main] c.l.c.ConfigServerApplication            : Starting ConfigServerApplication using Java 22 with PID 21152 (D:\code\microService\configServer\target\classes started by Shreyansh in D:\code\microService\userservice)
2024-12-27T18:49:34.561+05:30  INFO 21152 --- [config-Server] [main] c.l.c.ConfigServerApplication            : No active profile set, falling back to 1 default profile: "default"
2024-12-27T18:49:36.080+05:30  INFO 21152 --- [config-Server] [main] o.s.cloud.context.scope.GenericScope     : BeanFactory id=203e7980-dc78-32b5-a8a4-7bc814dc62e1
2024-12-27T18:49:36.525+05:30  INFO 21152 --- [config-Server] [main] o.s.b.w.embedded.tomcat.TomcatWebServer  : Tomcat initialized with port 8884 (http)
2024-12-27T18:49:36.548+05:30  INFO 21152 --- [config-Server] [main] o.apache.catalina.core.StandardService   : Starting service [Tomcat]
2024-12-27T18:49:36.548+05:30  INFO 21152 --- [config-Server] [main] o.apache.catalina.core.StandardEngine    : Starting Servlet engine: [Apache Tomcat/10.1.34]
2024-12-27T18:49:36.644+05:30  INFO 21152 --- [config-Server] [main] o.a.c.c.C.[Tomcat].[localhost].[/]       : Initializing Spring embedded WebApplicationContext
2024-12-27T18:49:36.645+05:30  INFO 21152 --- [config-Server] [main] w.s.c.ServletWebServerApplicationContext : Root WebApplicationContext: initialization completed in 1986 ms
2024-12-27T18:49:37.672+05:30  INFO 21152 --- [config-Server] [main] DiscoveryClientOptionalArgsConfiguration : Eureka HTTP Client uses RestTemplate.
2024-12-27T18:49:41.550+05:30  WARN 21152 --- [config-Server] [main] iguration$LoadBalancerCaffeineWarnLogger : Spring Cloud LoadBalancer is currently working with the default cache. While this cache implementation is useful for development and tests, it's recommended to use Caffeine cache in production.You can switch to using Caffeine cache, by adding it and org.springframework.cache.caffeine.CaffeineCacheManager to the classpath.
2024-12-27T18:49:41.624+05:30  INFO 21152 --- [config-Server] [main] o.s.c.n.eureka.InstanceInfoFactory       : Setting initial instance status as: STARTING
2024-12-27T18:49:41.665+05:30  INFO 21152 --- [config-Server] [main] com.netflix.discovery.DiscoveryClient    : Initializing Eureka in region us-east-1
2024-12-27T18:49:41.675+05:30  INFO 21152 --- [config-Server] [main] c.n.d.s.r.aws.ConfigClusterResolver      : Resolving eureka endpoints via configuration
2024-12-27T18:49:41.688+05:30  INFO 21152 --- [config-Server] [main] com.netflix.discovery.DiscoveryClient    : Disable delta property : false
2024-12-27T18:49:41.688+05:30  INFO 21152 --- [config-Server] [main] com.netflix.discovery.DiscoveryClient    : Single vip registry refresh property : null
2024-12-27T18:49:41.688+05:30  INFO 21152 --- [config-Server] [main] com.netflix.discovery.DiscoveryClient    : Force full registry fetch : false
2024-12-27T18:49:41.688+05:30  INFO 21152 --- [config-Server] [main] com.netflix.discovery.DiscoveryClient    : Application is null : false
2024-12-27T18:49:41.689+05:30  INFO 21152 --- [config-Server] [main] com.netflix.discovery.DiscoveryClient    : Registered Applications size is zero : true
2024-12-27T18:49:41.689+05:30  INFO 21152 --- [config-Server] [main] com.netflix.discovery.DiscoveryClient    : Application version is -1: true
2024-12-27T18:49:41.690+05:30  INFO 21152 --- [config-Server] [main] com.netflix.discovery.DiscoveryClient    : Getting all instance registry info from the eureka server
2024-12-27T18:49:42.161+05:30  INFO 21152 --- [config-Server] [main] com.netflix.discovery.DiscoveryClient    : The response status is 200
2024-12-27T18:49:42.164+05:30  INFO 21152 --- [config-Server] [main] com.netflix.discovery.DiscoveryClient    : Starting heartbeat executor: renew interval is: 30
2024-12-27T18:49:42.167+05:30  INFO 21152 --- [config-Server] [main] c.n.discovery.InstanceInfoReplicator     : InstanceInfoReplicator onDemand update allowed rate per min is 4
2024-12-27T18:49:42.170+05:30  INFO 21152 --- [config-Server] [main] com.netflix.discovery.DiscoveryClient    : Discovery Client initialized at timestamp 1735305582168 with initial instances count: 3
2024-12-27T18:49:42.174+05:30  INFO 21152 --- [config-Server] [main] o.s.c.n.e.s.EurekaServiceRegistry        : Registering application CONFIG-SERVER with eureka with status UP
2024-12-27T18:49:42.175+05:30  INFO 21152 --- [config-Server] [main] com.netflix.discovery.DiscoveryClient    : Saw local status change event StatusChangeEvent [timestamp=1735305582175, current=UP, previous=STARTING]
2024-12-27T18:49:42.177+05:30  INFO 21152 --- [config-Server] [DiscoveryClient-InstanceInfoReplicator-%d] com.netflix.discovery.DiscoveryClient    : DiscoveryClient_CONFIG-SERVER/Shreyansh:config-Server:8884: registering service...
2024-12-27T18:49:42.206+05:30  INFO 21152 --- [config-Server] [main] o.s.b.w.embedded.tomcat.TomcatWebServer  : Tomcat started on port 8884 (http) with context path '/'
2024-12-27T18:49:42.208+05:30  INFO 21152 --- [config-Server] [main] .s.c.n.e.s.EurekaAutoServiceRegistration : Updating port to 8884
2024-12-27T18:49:42.230+05:30  INFO 21152 --- [config-Server] [main] c.l.c.ConfigServerApplication            : Started ConfigServerApplication in 8.555 seconds (process running for 10.839)
2024-12-27T18:49:42.238+05:30  INFO 21152 --- [config-Server] [DiscoveryClient-InstanceInfoReplicator-%d] com.netflix.discovery.DiscoveryClient    : DiscoveryClient_CONFIG-SERVER/Shreyansh:config-Server:8884 - registration status: 204
