2024-12-24T22:15:23.363+05:30  INFO 14180 --- [serviceRegistry] [main] c.l.s.ServiceRegistryApplication         : Starting ServiceRegistryApplication using Java 22 with PID 14180 (D:\code\microService\serviceRegistry\target\classes started by Shreyansh in D:\code\microService\hotelservice)
2024-12-24T22:15:23.371+05:30  INFO 14180 --- [serviceRegistry] [main] c.l.s.ServiceRegistryApplication         : No active profile set, falling back to 1 default profile: "default"
2024-12-24T22:15:24.263+05:30  INFO 14180 --- [serviceRegistry] [main] o.s.cloud.context.scope.GenericScope     : BeanFactory id=ac00c69b-b78b-3001-8520-ea13c903b913
2024-12-24T22:15:24.486+05:30  INFO 14180 --- [serviceRegistry] [main] o.s.b.w.embedded.tomcat.TomcatWebServer  : Tomcat initialized with port 8761 (http)
2024-12-24T22:15:24.500+05:30  INFO 14180 --- [serviceRegistry] [main] o.apache.catalina.core.StandardService   : Starting service [Tomcat]
2024-12-24T22:15:24.501+05:30  INFO 14180 --- [serviceRegistry] [main] o.apache.catalina.core.StandardEngine    : Starting Servlet engine: [Apache Tomcat/10.1.34]
2024-12-24T22:15:24.556+05:30  INFO 14180 --- [serviceRegistry] [main] o.a.c.c.C.[Tomcat].[localhost].[/]       : Initializing Spring embedded WebApplicationContext
2024-12-24T22:15:24.556+05:30  INFO 14180 --- [serviceRegistry] [main] w.s.c.ServletWebServerApplicationContext : Root WebApplicationContext: initialization completed in 1134 ms
2024-12-24T22:15:25.287+05:30  INFO 14180 --- [serviceRegistry] [main] c.n.d.provider.DiscoveryJerseyProvider   : Using JSON encoding codec LegacyJacksonJson
2024-12-24T22:15:25.288+05:30  INFO 14180 --- [serviceRegistry] [main] c.n.d.provider.DiscoveryJerseyProvider   : Using JSON decoding codec LegacyJacksonJson
2024-12-24T22:15:25.407+05:30  INFO 14180 --- [serviceRegistry] [main] c.n.d.provider.DiscoveryJerseyProvider   : Using XML encoding codec XStreamXml
2024-12-24T22:15:25.407+05:30  INFO 14180 --- [serviceRegistry] [main] c.n.d.provider.DiscoveryJerseyProvider   : Using XML decoding codec XStreamXml
2024-12-24T22:15:25.538+05:30  INFO 14180 --- [serviceRegistry] [main] o.s.v.b.OptionalValidatorFactoryBean     : Failed to set up a Bean Validation provider: jakarta.validation.NoProviderFoundException: Unable to create a Configuration, because no Jakarta Bean Validation provider could be found. Add a provider like Hibernate Validator (RI) to your classpath.
2024-12-24T22:15:26.077+05:30  WARN 14180 --- [serviceRegistry] [main] iguration$LoadBalancerCaffeineWarnLogger : Spring Cloud LoadBalancer is currently working with the default cache. While this cache implementation is useful for development and tests, it's recommended to use Caffeine cache in production.You can switch to using Caffeine cache, by adding it and org.springframework.cache.caffeine.CaffeineCacheManager to the classpath.
2024-12-24T22:15:26.089+05:30  INFO 14180 --- [serviceRegistry] [main] o.s.c.n.eureka.InstanceInfoFactory       : Setting initial instance status as: STARTING
2024-12-24T22:15:26.102+05:30  INFO 14180 --- [serviceRegistry] [main] com.netflix.discovery.DiscoveryClient    : Initializing Eureka in region us-east-1
2024-12-24T22:15:26.102+05:30  INFO 14180 --- [serviceRegistry] [main] com.netflix.discovery.DiscoveryClient    : Client configured to neither register nor query for data.
2024-12-24T22:15:26.103+05:30  INFO 14180 --- [serviceRegistry] [main] com.netflix.discovery.DiscoveryClient    : Discovery Client initialized at timestamp 1735058726103 with initial instances count: 0
2024-12-24T22:15:26.140+05:30  INFO 14180 --- [serviceRegistry] [main] c.n.eureka.DefaultEurekaServerContext    : Initializing ...
2024-12-24T22:15:26.142+05:30  WARN 14180 --- [serviceRegistry] [main] c.n.eureka.cluster.PeerEurekaNodes       : The replica size seems to be empty. Check the route 53 DNS Registry
2024-12-24T22:15:26.149+05:30  INFO 14180 --- [serviceRegistry] [main] c.n.e.registry.AbstractInstanceRegistry  : Finished initializing remote region registries. All known remote regions: []
2024-12-24T22:15:26.149+05:30  INFO 14180 --- [serviceRegistry] [main] c.n.eureka.DefaultEurekaServerContext    : Initialized
2024-12-24T22:15:26.158+05:30  INFO 14180 --- [serviceRegistry] [main] o.s.b.a.e.web.EndpointLinksResolver      : Exposing 1 endpoint beneath base path '/actuator'
2024-12-24T22:15:26.201+05:30  INFO 14180 --- [serviceRegistry] [main] o.s.c.n.e.s.EurekaServiceRegistry        : Registering application SERVICEREGISTRY with eureka with status UP
2024-12-24T22:15:26.209+05:30  INFO 14180 --- [serviceRegistry] [Thread-9] o.s.c.n.e.server.EurekaServerBootstrap   : isAws returned false
2024-12-24T22:15:26.210+05:30  INFO 14180 --- [serviceRegistry] [Thread-9] o.s.c.n.e.server.EurekaServerBootstrap   : Initialized server context
2024-12-24T22:15:26.210+05:30  INFO 14180 --- [serviceRegistry] [Thread-9] c.n.e.r.PeerAwareInstanceRegistryImpl    : Got 1 instances from neighboring DS node
2024-12-24T22:15:26.210+05:30  INFO 14180 --- [serviceRegistry] [Thread-9] c.n.e.r.PeerAwareInstanceRegistryImpl    : Renew threshold is: 1
2024-12-24T22:15:26.210+05:30  INFO 14180 --- [serviceRegistry] [Thread-9] c.n.e.r.PeerAwareInstanceRegistryImpl    : Changing status to UP
2024-12-24T22:15:26.212+05:30  INFO 14180 --- [serviceRegistry] [Thread-9] e.s.EurekaServerInitializerConfiguration : Started Eureka Server
2024-12-24T22:15:26.214+05:30  INFO 14180 --- [serviceRegistry] [main] o.s.b.w.embedded.tomcat.TomcatWebServer  : Tomcat started on port 8761 (http) with context path '/'
2024-12-24T22:15:26.214+05:30  INFO 14180 --- [serviceRegistry] [main] .s.c.n.e.s.EurekaAutoServiceRegistration : Updating port to 8761
2024-12-24T22:15:26.226+05:30  INFO 14180 --- [serviceRegistry] [main] c.l.s.ServiceRegistryApplication         : Started ServiceRegistryApplication in 3.238 seconds (process running for 5.035)
2024-12-24T22:15:26.533+05:30  INFO 14180 --- [serviceRegistry] [http-nio-8761-exec-1] o.a.c.c.C.[Tomcat].[localhost].[/]       : Initializing Spring DispatcherServlet 'dispatcherServlet'
2024-12-24T22:15:26.534+05:30  INFO 14180 --- [serviceRegistry] [http-nio-8761-exec-1] o.s.web.servlet.DispatcherServlet        : Initializing Servlet 'dispatcherServlet'
2024-12-24T22:15:26.535+05:30  INFO 14180 --- [serviceRegistry] [http-nio-8761-exec-1] o.s.web.servlet.DispatcherServlet        : Completed initialization in 1 ms
2024-12-24T22:15:26.583+05:30  WARN 14180 --- [serviceRegistry] [http-nio-8761-exec-1] c.n.e.registry.AbstractInstanceRegistry  : DS: Registry: cancel failed because Lease is not registered for: HOTEL-SERVICE/Shreyansh:hotel-service:8081
2024-12-24T22:15:26.583+05:30  INFO 14180 --- [serviceRegistry] [http-nio-8761-exec-1] c.n.eureka.resources.InstanceResource    : Not Found (Cancel): HOTEL-SERVICE - Shreyansh:hotel-service:8081
2024-12-24T22:15:31.651+05:30  INFO 14180 --- [serviceRegistry] [http-nio-8761-exec-4] c.n.e.registry.AbstractInstanceRegistry  : Registered instance HOTEL-SERVICE/Shreyansh:hotel-service:8081 with status UP (replication=false)
2024-12-24T22:15:35.406+05:30  INFO 14180 --- [serviceRegistry] [http-nio-8761-exec-5] c.n.e.registry.AbstractInstanceRegistry  : Registered instance HOTEL-SERVICE/Shreyansh:hotel-service:8081 with status DOWN (replication=false)
2024-12-24T22:15:38.434+05:30  INFO 14180 --- [serviceRegistry] [http-nio-8761-exec-6] c.n.e.registry.AbstractInstanceRegistry  : Cancelled instance HOTEL-SERVICE/Shreyansh:hotel-service:8081 (replication=false)
2024-12-24T22:15:39.814+05:30  INFO 14180 --- [serviceRegistry] [http-nio-8761-exec-9] c.n.e.registry.AbstractInstanceRegistry  : Registered instance RATING-SERVICE/Shreyansh:rating-service:8082 with status DOWN (replication=false)
2024-12-24T22:15:39.845+05:30  INFO 14180 --- [serviceRegistry] [http-nio-8761-exec-10] c.n.e.registry.AbstractInstanceRegistry  : Cancelled instance RATING-SERVICE/Shreyansh:rating-service:8082 (replication=false)
2024-12-24T22:15:44.802+05:30  INFO 14180 --- [serviceRegistry] [http-nio-8761-exec-4] c.n.e.registry.AbstractInstanceRegistry  : Registered instance HOTEL-SERVICE/Shreyansh:hotel-service:8081 with status UP (replication=false)
2024-12-24T22:15:44.809+05:30  INFO 14180 --- [serviceRegistry] [http-nio-8761-exec-5] c.n.e.registry.AbstractInstanceRegistry  : Registered instance RATING-SERVICE/Shreyansh:rating-service:8082 with status UP (replication=false)
2024-12-24T22:15:45.101+05:30  INFO 14180 --- [serviceRegistry] [http-nio-8761-exec-7] c.n.e.registry.AbstractInstanceRegistry  : Registered instance USER-SERVICE/Shreyansh:user-service:8080 with status UP (replication=false)
2024-12-24T22:16:26.211+05:30  INFO 14180 --- [serviceRegistry] [Eureka-EvictionTimer] c.n.e.registry.AbstractInstanceRegistry  : Running the evict task with compensationTime 0ms
