2024-12-23T19:36:14.154+05:30  INFO 9420 --- [user-service] [main] c.l.userservice.UserserviceApplication   : Starting UserserviceApplication using Java 22 with PID 9420 (D:\code\microService\userservice\target\classes started by Shreyansh in D:\code\microService\hotelservice)
2024-12-23T19:36:14.170+05:30  INFO 9420 --- [user-service] [main] c.l.userservice.UserserviceApplication   : No active profile set, falling back to 1 default profile: "default"
2024-12-23T19:36:16.001+05:30  INFO 9420 --- [user-service] [main] .s.d.r.c.RepositoryConfigurationDelegate : Bootstrapping Spring Data JPA repositories in DEFAULT mode.
2024-12-23T19:36:16.264+05:30  INFO 9420 --- [user-service] [main] .s.d.r.c.RepositoryConfigurationDelegate : Finished Spring Data repository scanning in 247 ms. Found 1 JPA repository interface.
2024-12-23T19:36:16.743+05:30  INFO 9420 --- [user-service] [main] o.s.cloud.context.scope.GenericScope     : BeanFactory id=f3ce3bd1-6048-308d-abc5-de3981284772
2024-12-23T19:36:17.891+05:30  INFO 9420 --- [user-service] [main] o.s.b.w.embedded.tomcat.TomcatWebServer  : Tomcat initialized with port 8080 (http)
2024-12-23T19:36:17.914+05:30  INFO 9420 --- [user-service] [main] o.apache.catalina.core.StandardService   : Starting service [Tomcat]
2024-12-23T19:36:17.916+05:30  INFO 9420 --- [user-service] [main] o.apache.catalina.core.StandardEngine    : Starting Servlet engine: [Apache Tomcat/10.1.34]
2024-12-23T19:36:18.030+05:30  INFO 9420 --- [user-service] [main] o.a.c.c.C.[Tomcat].[localhost].[/]       : Initializing Spring embedded WebApplicationContext
2024-12-23T19:36:18.031+05:30  INFO 9420 --- [user-service] [main] w.s.c.ServletWebServerApplicationContext : Root WebApplicationContext: initialization completed in 3760 ms
2024-12-23T19:36:18.665+05:30  INFO 9420 --- [user-service] [main] o.hibernate.jpa.internal.util.LogHelper  : HHH000204: Processing PersistenceUnitInfo [name: default]
2024-12-23T19:36:18.802+05:30  INFO 9420 --- [user-service] [main] org.hibernate.Version                    : HHH000412: Hibernate ORM core version 6.6.4.Final
2024-12-23T19:36:18.872+05:30  INFO 9420 --- [user-service] [main] o.h.c.internal.RegionFactoryInitiator    : HHH000026: Second-level cache disabled
2024-12-23T19:36:19.431+05:30  INFO 9420 --- [user-service] [main] o.s.o.j.p.SpringPersistenceUnitInfo      : No LoadTimeWeaver setup: ignoring JPA class transformer
2024-12-23T19:36:19.489+05:30  INFO 9420 --- [user-service] [main] com.zaxxer.hikari.HikariDataSource       : HikariPool-1 - Starting...
2024-12-23T19:36:19.769+05:30  INFO 9420 --- [user-service] [main] com.zaxxer.hikari.pool.HikariPool        : HikariPool-1 - Added connection com.mysql.cj.jdbc.ConnectionImpl@221cdd87
2024-12-23T19:36:19.778+05:30  INFO 9420 --- [user-service] [main] com.zaxxer.hikari.HikariDataSource       : HikariPool-1 - Start completed.
2024-12-23T19:36:19.860+05:30  WARN 9420 --- [user-service] [main] org.hibernate.orm.deprecation            : HHH90000025: MySQL8Dialect does not need to be specified explicitly using 'hibernate.dialect' (remove the property setting and it will be selected by default)
2024-12-23T19:36:19.862+05:30  WARN 9420 --- [user-service] [main] org.hibernate.orm.deprecation            : HHH90000026: MySQL8Dialect has been deprecated; use org.hibernate.dialect.MySQLDialect instead
2024-12-23T19:36:19.888+05:30  INFO 9420 --- [user-service] [main] org.hibernate.orm.connections.pooling    : HHH10001005: Database info:
	Database JDBC URL [Connecting through datasource 'HikariDataSource (HikariPool-1)']
	Database driver: undefined/unknown
	Database version: 8.0
	Autocommit mode: undefined/unknown
	Isolation level: undefined/unknown
	Minimum pool size: undefined/unknown
	Maximum pool size: undefined/unknown
2024-12-23T19:36:21.363+05:30  INFO 9420 --- [user-service] [main] o.h.e.t.j.p.i.JtaPlatformInitiator       : HHH000489: No JTA platform available (set 'hibernate.transaction.jta.platform' to enable JTA platform integration)
2024-12-23T19:36:21.464+05:30  INFO 9420 --- [user-service] [main] j.LocalContainerEntityManagerFactoryBean : Initialized JPA EntityManagerFactory for persistence unit 'default'
2024-12-23T19:36:22.173+05:30  WARN 9420 --- [user-service] [main] JpaBaseConfiguration$JpaWebConfiguration : spring.jpa.open-in-view is enabled by default. Therefore, database queries may be performed during view rendering. Explicitly configure spring.jpa.open-in-view to disable this warning
2024-12-23T19:36:22.372+05:30  INFO 9420 --- [user-service] [main] o.s.c.openfeign.FeignClientFactoryBean   : For 'HOTEL-SERVICE' URL not provided. Will try picking an instance via load-balancing.
2024-12-23T19:36:24.011+05:30  INFO 9420 --- [user-service] [main] DiscoveryClientOptionalArgsConfiguration : Eureka HTTP Client uses RestTemplate.
2024-12-23T19:36:24.082+05:30  WARN 9420 --- [user-service] [main] iguration$LoadBalancerCaffeineWarnLogger : Spring Cloud LoadBalancer is currently working with the default cache. While this cache implementation is useful for development and tests, it's recommended to use Caffeine cache in production.You can switch to using Caffeine cache, by adding it and org.springframework.cache.caffeine.CaffeineCacheManager to the classpath.
2024-12-23T19:36:24.119+05:30  INFO 9420 --- [user-service] [main] o.s.b.a.e.web.EndpointLinksResolver      : Exposing 1 endpoint beneath base path '/actuator'
2024-12-23T19:36:24.302+05:30  INFO 9420 --- [user-service] [main] o.s.c.n.eureka.InstanceInfoFactory       : Setting initial instance status as: STARTING
2024-12-23T19:36:24.339+05:30  INFO 9420 --- [user-service] [main] com.netflix.discovery.DiscoveryClient    : Initializing Eureka in region us-east-1
2024-12-23T19:36:24.345+05:30  INFO 9420 --- [user-service] [main] c.n.d.s.r.aws.ConfigClusterResolver      : Resolving eureka endpoints via configuration
2024-12-23T19:36:24.357+05:30  INFO 9420 --- [user-service] [main] com.netflix.discovery.DiscoveryClient    : Disable delta property : false
2024-12-23T19:36:24.358+05:30  INFO 9420 --- [user-service] [main] com.netflix.discovery.DiscoveryClient    : Single vip registry refresh property : null
2024-12-23T19:36:24.358+05:30  INFO 9420 --- [user-service] [main] com.netflix.discovery.DiscoveryClient    : Force full registry fetch : false
2024-12-23T19:36:24.358+05:30  INFO 9420 --- [user-service] [main] com.netflix.discovery.DiscoveryClient    : Application is null : false
2024-12-23T19:36:24.358+05:30  INFO 9420 --- [user-service] [main] com.netflix.discovery.DiscoveryClient    : Registered Applications size is zero : true
2024-12-23T19:36:24.359+05:30  INFO 9420 --- [user-service] [main] com.netflix.discovery.DiscoveryClient    : Application version is -1: true
2024-12-23T19:36:24.359+05:30  INFO 9420 --- [user-service] [main] com.netflix.discovery.DiscoveryClient    : Getting all instance registry info from the eureka server
2024-12-23T19:36:24.976+05:30  INFO 9420 --- [user-service] [main] com.netflix.discovery.DiscoveryClient    : The response status is 200
2024-12-23T19:36:24.978+05:30  INFO 9420 --- [user-service] [main] com.netflix.discovery.DiscoveryClient    : Starting heartbeat executor: renew interval is: 30
2024-12-23T19:36:24.981+05:30  INFO 9420 --- [user-service] [main] c.n.discovery.InstanceInfoReplicator     : InstanceInfoReplicator onDemand update allowed rate per min is 4
2024-12-23T19:36:24.984+05:30  INFO 9420 --- [user-service] [main] com.netflix.discovery.DiscoveryClient    : Discovery Client initialized at timestamp 1734962784983 with initial instances count: 0
2024-12-23T19:36:24.995+05:30  INFO 9420 --- [user-service] [main] o.s.c.n.e.s.EurekaServiceRegistry        : Registering application USER-SERVICE with eureka with status UP
2024-12-23T19:36:24.997+05:30  INFO 9420 --- [user-service] [main] com.netflix.discovery.DiscoveryClient    : Saw local status change event StatusChangeEvent [timestamp=1734962784996, current=UP, previous=STARTING]
2024-12-23T19:36:25.000+05:30  INFO 9420 --- [user-service] [DiscoveryClient-InstanceInfoReplicator-%d] com.netflix.discovery.DiscoveryClient    : DiscoveryClient_USER-SERVICE/Shreyansh:user-service:8080: registering service...
2024-12-23T19:36:25.031+05:30  INFO 9420 --- [user-service] [main] o.s.b.w.embedded.tomcat.TomcatWebServer  : Tomcat started on port 8080 (http) with context path '/'
2024-12-23T19:36:25.032+05:30  INFO 9420 --- [user-service] [main] .s.c.n.e.s.EurekaAutoServiceRegistration : Updating port to 8080
2024-12-23T19:36:25.064+05:30  INFO 9420 --- [user-service] [main] c.l.userservice.UserserviceApplication   : Started UserserviceApplication in 11.659 seconds (process running for 14.455)
2024-12-23T19:36:25.071+05:30  INFO 9420 --- [user-service] [DiscoveryClient-InstanceInfoReplicator-%d] com.netflix.discovery.DiscoveryClient    : DiscoveryClient_USER-SERVICE/Shreyansh:user-service:8080 - registration status: 204
