2024-12-25T14:52:58.160+05:30  INFO 17420 --- [user-service] [main] c.l.userservice.UserserviceApplication   : Starting UserserviceApplication using Java 22 with PID 17420 (D:\code\microService\userservice\target\classes started by Shreyansh in D:\code\microService\userservice)
2024-12-25T14:52:58.162+05:30  INFO 17420 --- [user-service] [main] c.l.userservice.UserserviceApplication   : No active profile set, falling back to 1 default profile: "default"
2024-12-25T14:52:59.743+05:30  INFO 17420 --- [user-service] [main] .s.d.r.c.RepositoryConfigurationDelegate : Bootstrapping Spring Data JPA repositories in DEFAULT mode.
2024-12-25T14:52:59.959+05:30  INFO 17420 --- [user-service] [main] .s.d.r.c.RepositoryConfigurationDelegate : Finished Spring Data repository scanning in 201 ms. Found 1 JPA repository interface.
2024-12-25T14:53:00.394+05:30  INFO 17420 --- [user-service] [main] o.s.cloud.context.scope.GenericScope     : BeanFactory id=f401eff8-681d-395f-99c0-ed0247c0f6bb
2024-12-25T14:53:01.362+05:30  INFO 17420 --- [user-service] [main] o.s.b.w.embedded.tomcat.TomcatWebServer  : Tomcat initialized with port 8080 (http)
2024-12-25T14:53:01.386+05:30  INFO 17420 --- [user-service] [main] o.apache.catalina.core.StandardService   : Starting service [Tomcat]
2024-12-25T14:53:01.387+05:30  INFO 17420 --- [user-service] [main] o.apache.catalina.core.StandardEngine    : Starting Servlet engine: [Apache Tomcat/10.1.34]
2024-12-25T14:53:01.505+05:30  INFO 17420 --- [user-service] [main] o.a.c.c.C.[Tomcat].[localhost].[/]       : Initializing Spring embedded WebApplicationContext
2024-12-25T14:53:01.505+05:30  INFO 17420 --- [user-service] [main] w.s.c.ServletWebServerApplicationContext : Root WebApplicationContext: initialization completed in 3255 ms
2024-12-25T14:53:02.168+05:30  INFO 17420 --- [user-service] [main] o.hibernate.jpa.internal.util.LogHelper  : HHH000204: Processing PersistenceUnitInfo [name: default]
2024-12-25T14:53:02.255+05:30  INFO 17420 --- [user-service] [main] org.hibernate.Version                    : HHH000412: Hibernate ORM core version 6.6.4.Final
2024-12-25T14:53:02.310+05:30  INFO 17420 --- [user-service] [main] o.h.c.internal.RegionFactoryInitiator    : HHH000026: Second-level cache disabled
2024-12-25T14:53:02.750+05:30  INFO 17420 --- [user-service] [main] o.s.o.j.p.SpringPersistenceUnitInfo      : No LoadTimeWeaver setup: ignoring JPA class transformer
2024-12-25T14:53:02.797+05:30  INFO 17420 --- [user-service] [main] com.zaxxer.hikari.HikariDataSource       : HikariCP - Starting...
2024-12-25T14:53:02.994+05:30  INFO 17420 --- [user-service] [main] com.zaxxer.hikari.pool.HikariPool        : HikariCP - Added connection com.mysql.cj.jdbc.ConnectionImpl@7e43b342
2024-12-25T14:53:02.997+05:30  INFO 17420 --- [user-service] [main] com.zaxxer.hikari.HikariDataSource       : HikariCP - Start completed.
2024-12-25T14:53:03.057+05:30  WARN 17420 --- [user-service] [main] org.hibernate.orm.deprecation            : HHH90000025: MySQL8Dialect does not need to be specified explicitly using 'hibernate.dialect' (remove the property setting and it will be selected by default)
2024-12-25T14:53:03.058+05:30  WARN 17420 --- [user-service] [main] org.hibernate.orm.deprecation            : HHH90000026: MySQL8Dialect has been deprecated; use org.hibernate.dialect.MySQLDialect instead
2024-12-25T14:53:03.073+05:30  INFO 17420 --- [user-service] [main] org.hibernate.orm.connections.pooling    : HHH10001005: Database info:
	Database JDBC URL [Connecting through datasource 'HikariDataSource (HikariCP)']
	Database driver: undefined/unknown
	Database version: 8.0
	Autocommit mode: undefined/unknown
	Isolation level: undefined/unknown
	Minimum pool size: undefined/unknown
	Maximum pool size: undefined/unknown
2024-12-25T14:53:04.382+05:30  INFO 17420 --- [user-service] [main] o.h.e.t.j.p.i.JtaPlatformInitiator       : HHH000489: No JTA platform available (set 'hibernate.transaction.jta.platform' to enable JTA platform integration)
2024-12-25T14:53:04.476+05:30  INFO 17420 --- [user-service] [main] j.LocalContainerEntityManagerFactoryBean : Initialized JPA EntityManagerFactory for persistence unit 'default'
2024-12-25T14:53:05.074+05:30  WARN 17420 --- [user-service] [main] JpaBaseConfiguration$JpaWebConfiguration : spring.jpa.open-in-view is enabled by default. Therefore, database queries may be performed during view rendering. Explicitly configure spring.jpa.open-in-view to disable this warning
2024-12-25T14:53:05.284+05:30  INFO 17420 --- [user-service] [main] o.s.c.openfeign.FeignClientFactoryBean   : For 'HOTEL-SERVICE' URL not provided. Will try picking an instance via load-balancing.
2024-12-25T14:53:06.846+05:30  INFO 17420 --- [user-service] [main] DiscoveryClientOptionalArgsConfiguration : Eureka HTTP Client uses RestTemplate.
2024-12-25T14:53:06.912+05:30  WARN 17420 --- [user-service] [main] iguration$LoadBalancerCaffeineWarnLogger : Spring Cloud LoadBalancer is currently working with the default cache. While this cache implementation is useful for development and tests, it's recommended to use Caffeine cache in production.You can switch to using Caffeine cache, by adding it and org.springframework.cache.caffeine.CaffeineCacheManager to the classpath.
2024-12-25T14:53:06.948+05:30  INFO 17420 --- [user-service] [main] o.s.b.a.e.web.EndpointLinksResolver      : Exposing 1 endpoint beneath base path '/actuator'
2024-12-25T14:53:07.121+05:30  INFO 17420 --- [user-service] [main] o.s.c.n.eureka.InstanceInfoFactory       : Setting initial instance status as: STARTING
2024-12-25T14:53:07.160+05:30  INFO 17420 --- [user-service] [main] com.netflix.discovery.DiscoveryClient    : Initializing Eureka in region us-east-1
2024-12-25T14:53:07.166+05:30  INFO 17420 --- [user-service] [main] c.n.d.s.r.aws.ConfigClusterResolver      : Resolving eureka endpoints via configuration
2024-12-25T14:53:07.181+05:30  INFO 17420 --- [user-service] [main] com.netflix.discovery.DiscoveryClient    : Disable delta property : false
2024-12-25T14:53:07.181+05:30  INFO 17420 --- [user-service] [main] com.netflix.discovery.DiscoveryClient    : Single vip registry refresh property : null
2024-12-25T14:53:07.181+05:30  INFO 17420 --- [user-service] [main] com.netflix.discovery.DiscoveryClient    : Force full registry fetch : false
2024-12-25T14:53:07.181+05:30  INFO 17420 --- [user-service] [main] com.netflix.discovery.DiscoveryClient    : Application is null : false
2024-12-25T14:53:07.182+05:30  INFO 17420 --- [user-service] [main] com.netflix.discovery.DiscoveryClient    : Registered Applications size is zero : true
2024-12-25T14:53:07.182+05:30  INFO 17420 --- [user-service] [main] com.netflix.discovery.DiscoveryClient    : Application version is -1: true
2024-12-25T14:53:07.182+05:30  INFO 17420 --- [user-service] [main] com.netflix.discovery.DiscoveryClient    : Getting all instance registry info from the eureka server
2024-12-25T14:53:07.860+05:30  INFO 17420 --- [user-service] [main] com.netflix.discovery.DiscoveryClient    : The response status is 200
2024-12-25T14:53:07.864+05:30  INFO 17420 --- [user-service] [main] com.netflix.discovery.DiscoveryClient    : Starting heartbeat executor: renew interval is: 30
2024-12-25T14:53:07.868+05:30  INFO 17420 --- [user-service] [main] c.n.discovery.InstanceInfoReplicator     : InstanceInfoReplicator onDemand update allowed rate per min is 4
2024-12-25T14:53:07.871+05:30  INFO 17420 --- [user-service] [main] com.netflix.discovery.DiscoveryClient    : Discovery Client initialized at timestamp 1735118587869 with initial instances count: 3
2024-12-25T14:53:07.884+05:30  INFO 17420 --- [user-service] [main] o.s.c.n.e.s.EurekaServiceRegistry        : Registering application USER-SERVICE with eureka with status UP
2024-12-25T14:53:07.885+05:30  INFO 17420 --- [user-service] [main] com.netflix.discovery.DiscoveryClient    : Saw local status change event StatusChangeEvent [timestamp=1735118587885, current=UP, previous=STARTING]
2024-12-25T14:53:07.889+05:30  INFO 17420 --- [user-service] [DiscoveryClient-InstanceInfoReplicator-%d] com.netflix.discovery.DiscoveryClient    : DiscoveryClient_USER-SERVICE/Shreyansh:user-service:8080: registering service...
2024-12-25T14:53:07.927+05:30  INFO 17420 --- [user-service] [main] o.s.b.w.embedded.tomcat.TomcatWebServer  : Tomcat started on port 8080 (http) with context path '/'
2024-12-25T14:53:07.928+05:30  INFO 17420 --- [user-service] [main] .s.c.n.e.s.EurekaAutoServiceRegistration : Updating port to 8080
2024-12-25T14:53:07.959+05:30  INFO 17420 --- [user-service] [main] c.l.userservice.UserserviceApplication   : Started UserserviceApplication in 10.55 seconds (process running for 11.894)
2024-12-25T14:53:07.967+05:30  INFO 17420 --- [user-service] [DiscoveryClient-InstanceInfoReplicator-%d] com.netflix.discovery.DiscoveryClient    : DiscoveryClient_USER-SERVICE/Shreyansh:user-service:8080 - registration status: 204
2024-12-25T14:53:08.217+05:30  INFO 17420 --- [user-service] [RMI TCP Connection(1)-192.168.1.5] o.a.c.c.C.[Tomcat].[localhost].[/]       : Initializing Spring DispatcherServlet 'dispatcherServlet'
2024-12-25T14:53:08.217+05:30  INFO 17420 --- [user-service] [RMI TCP Connection(1)-192.168.1.5] o.s.web.servlet.DispatcherServlet        : Initializing Servlet 'dispatcherServlet'
2024-12-25T14:53:08.224+05:30  INFO 17420 --- [user-service] [RMI TCP Connection(1)-192.168.1.5] o.s.web.servlet.DispatcherServlet        : Completed initialization in 5 ms
